#
# There is insufficient memory for the Java Runtime Environment to continue.
# Native memory allocation (malloc) failed to allocate 1233040 bytes. Error detail: Chunk::new
# Possible reasons:
#   The system is out of physical RAM or swap space
#   This process is running with CompressedOops enabled, and the Java Heap may be blocking the growth of the native heap
# Possible solutions:
#   Reduce memory load on the system
#   Increase physical memory or swap space
#   Check if swap backing store is full
#   Decrease Java heap size (-Xmx/-Xms)
#   Decrease number of Java threads
#   Decrease Java thread stack sizes (-Xss)
#   Set larger code cache with -XX:ReservedCodeCacheSize=
#   JVM is running with Unscaled Compressed Oops mode in which the Java heap is
#     placed in the first 4GB address space. The Java Heap base address is the
#     maximum limit for the native heap growth. Please use -XX:HeapBaseMinAddress
#     to set the Java Heap base and to place the Java Heap above 4GB virtual address.
# This output file may be truncated or incomplete.
#
#  Out of Memory Error (arena.cpp:162), pid=11832, tid=22340
#
# JRE version: Java(TM) SE Runtime Environment (24.0.1+9) (build 24.0.1+9-30)
# Java VM: Java HotSpot(TM) 64-Bit Server VM (24.0.1+9-30, mixed mode, sharing, tiered, compressed oops, compressed class ptrs, g1 gc, windows-amd64)
# No core dump will be written. Minidumps are not enabled by default on client versions of Windows
#

---------------  S U M M A R Y ------------

Command Line: -agentlib:jdwp=transport=dt_socket,address=127.0.0.1:58293,suspend=y,server=n -javaagent:C:\Users\TECHGI~1\AppData\Local\Temp\captureAgent2jars\debugger-agent.jar=file:///C:/Users/TECHGI~1/AppData/Local/Temp/capture1653611107650854163.props -Dkotlinx.coroutines.debug.enable.creation.stack.trace=false -Ddebugger.agent.enable.coroutines=true -Dkotlinx.coroutines.debug.enable.flows.stack.trace=true -Dkotlinx.coroutines.debug.enable.mutable.state.flows.stack.trace=true -Dfile.encoding=UTF-8 -Dsun.stdout.encoding=UTF-8 -Dsun.stderr.encoding=UTF-8 com.programmingSpaceX.orderService.OrderServiceApplication

Host: Intel(R) Core(TM) i5-8365U CPU @ 1.60GHz, 8 cores, 7G,  Windows 11 , 64 bit Build 26100 (10.0.26100.6725)
Time: Mon Oct 27 09:59:07 2025 Greenwich Standard Time elapsed time: 270.676392 seconds (0d 0h 4m 30s)

---------------  T H R E A D  ---------------

Current thread (0x000001cac0bbf900):  JavaThread "C2 CompilerThread0" daemon [_thread_in_native, id=22340, stack(0x0000002405c00000,0x0000002405d00000) (1024K)]


Current CompileTask:
C2:270676 9634       4       java.lang.String::toLowerCase (29 bytes)

Stack: [0x0000002405c00000,0x0000002405d00000]
Native frames: (J=compiled Java code, j=interpreted, Vv=VM code, C=native code)
V  [jvm.dll+0x730739]  (no source info available)
V  [jvm.dll+0x8d9b23]  (no source info available)
V  [jvm.dll+0x8dc00d]  (no source info available)
V  [jvm.dll+0x8dc683]  (no source info available)
V  [jvm.dll+0x2aa086]  (no source info available)
V  [jvm.dll+0xcedef]  (no source info available)
V  [jvm.dll+0xcf04f]  (no source info available)
V  [jvm.dll+0x154d83]  (no source info available)
V  [jvm.dll+0x735f5f]  (no source info available)
V  [jvm.dll+0x26fa1c]  (no source info available)
V  [jvm.dll+0x26ea3f]  (no source info available)
V  [jvm.dll+0x1e9d60]  (no source info available)
V  [jvm.dll+0x27e1fb]  (no source info available)
V  [jvm.dll+0x27c49a]  (no source info available)
V  [jvm.dll+0x42f456]  (no source info available)
V  [jvm.dll+0x87d76b]  (no source info available)
V  [jvm.dll+0x72ee55]  (no source info available)
C  [ucrtbase.dll+0x37b0]  (no source info available)
C  [KERNEL32.DLL+0x2e8d7]  (no source info available)
C  [ntdll.dll+0x8c53c]  (no source info available)

Lock stack of current Java thread (top to bottom):


---------------  P R O C E S S  ---------------

Threads class SMR info:
_java_thread_list=0x000001cb101bd260, length=58, elements={
0x000001cac0b998c0, 0x000001cac0b9c110, 0x000001cac0ba2720, 0x000001cac0ba4460,
0x000001cac0ba4bb0, 0x000001cac0ba5300, 0x000001cac0bbf900, 0x000001cac0bc5420,
0x000001cac0e30040, 0x000001cac0ba2e70, 0x000001cac0ba35c0, 0x000001cac0ba3d10,
0x000001cb0b990fe0, 0x000001cb0b991730, 0x000001cb0b991e80, 0x000001cb0dc09c10,
0x000001cb0dc0b950, 0x000001cb0f5ca780, 0x000001cb0f5c7ba0, 0x000001cb0f5cbd70,
0x000001cb0f5ce950, 0x000001cb0f5cf7f0, 0x000001cb06cf6750, 0x000001cb0bd2d770,
0x000001cb0bd32f30, 0x000001cb0b98d560, 0x000001cb0b98eb50, 0x000001cb0f5cd360,
0x000001cb068ed650, 0x000001cb0dc0b200, 0x000001cb0ac47c50, 0x000001cb0ec81da0,
0x000001cac0ef2fd0, 0x000001cac0ef45c0, 0x000001cac0ef78f0, 0x000001cac0ef8040,
0x000001cac0ef71a0, 0x000001cb0d551eb0, 0x000001cb0d552600, 0x000001cb0d5508c0,
0x000001cb0d554340, 0x000001cb0d557dc0, 0x000001cb0d556080, 0x000001cb0d559b00,
0x000001cb0d558510, 0x000001cb0d558c60, 0x000001cb0d5567d0, 0x000001cb0d5593b0,
0x000001cb0d55a250, 0x000001cb0d556f20, 0x000001cb0d55b840, 0x000001cb0d55ce30,
0x000001cb0d55bf90, 0x000001cb0d55e420, 0x000001cb0d55f2c0, 0x000001cac0ef8ee0,
0x000001cb07f50f40, 0x000001cb07f500a0
}

Java Threads: ( => current thread )
  0x000001cac0b998c0 JavaThread "Reference Handler"          daemon [_thread_blocked, id=18444, stack(0x0000002405600000,0x0000002405700000) (1024K)]
  0x000001cac0b9c110 JavaThread "Finalizer"                  daemon [_thread_blocked, id=12428, stack(0x0000002405700000,0x0000002405800000) (1024K)]
  0x000001cac0ba2720 JavaThread "Signal Dispatcher"          daemon [_thread_blocked, id=3184, stack(0x0000002405800000,0x0000002405900000) (1024K)]
  0x000001cac0ba4460 JavaThread "Attach Listener"            daemon [_thread_blocked, id=21688, stack(0x0000002405900000,0x0000002405a00000) (1024K)]
  0x000001cac0ba4bb0 JavaThread "Service Thread"             daemon [_thread_blocked, id=17824, stack(0x0000002405a00000,0x0000002405b00000) (1024K)]
  0x000001cac0ba5300 JavaThread "Monitor Deflation Thread"   daemon [_thread_blocked, id=20884, stack(0x0000002405b00000,0x0000002405c00000) (1024K)]
=>0x000001cac0bbf900 JavaThread "C2 CompilerThread0"         daemon [_thread_in_native, id=22340, stack(0x0000002405c00000,0x0000002405d00000) (1024K)]
  0x000001cac0bc5420 JavaThread "C1 CompilerThread0"         daemon [_thread_blocked, id=18892, stack(0x0000002405d00000,0x0000002405e00000) (1024K)]
  0x000001cac0e30040 JavaThread "JDWP Event Helper Thread"   daemon [_thread_blocked, id=11648, stack(0x0000002405f00000,0x0000002406000000) (1024K)]
  0x000001cac0ba2e70 JavaThread "Common-Cleaner"             daemon [_thread_blocked, id=13580, stack(0x0000002406100000,0x0000002406200000) (1024K)]
  0x000001cac0ba35c0 JavaThread "IntelliJ Suspend Helper"    daemon [_thread_blocked, id=10988, stack(0x0000002406200000,0x0000002406300000) (1024K)]
  0x000001cac0ba3d10 JavaThread "Notification Thread"        daemon [_thread_blocked, id=9728, stack(0x0000002406300000,0x0000002406400000) (1024K)]
  0x000001cb0b990fe0 JavaThread "Catalina-utility-1"                [_thread_blocked, id=21660, stack(0x0000002406d00000,0x0000002406e00000) (1024K)]
  0x000001cb0b991730 JavaThread "Catalina-utility-2"                [_thread_blocked, id=9664, stack(0x0000002406f00000,0x0000002407000000) (1024K)]
  0x000001cb0b991e80 JavaThread "container-0"                       [_thread_blocked, id=5324, stack(0x0000002407000000,0x0000002407100000) (1024K)]
  0x000001cb0dc09c10 JavaThread "PostgreSQL-JDBC-Cleaner"    daemon [_thread_blocked, id=21236, stack(0x0000002407100000,0x0000002407200000) (1024K)]
  0x000001cb0dc0b950 JavaThread "HikariPool-1:housekeeper"   daemon [_thread_blocked, id=13392, stack(0x0000002407200000,0x0000002407300000) (1024K)]
  0x000001cb0f5ca780 JavaThread "spectator-gauge-polling-0"  daemon [_thread_blocked, id=18128, stack(0x0000002407300000,0x0000002407400000) (1024K)]
  0x000001cb0f5c7ba0 JavaThread "AsyncResolver-bootstrap-%d" daemon [_thread_blocked, id=22328, stack(0x0000002407500000,0x0000002407600000) (1024K)]
  0x000001cb0f5cbd70 JavaThread "DiscoveryClient-%d"         daemon [_thread_blocked, id=17820, stack(0x0000002407700000,0x0000002407800000) (1024K)]
  0x000001cb0f5ce950 JavaThread "DiscoveryClient-%d"         daemon [_thread_blocked, id=2576, stack(0x0000002407800000,0x0000002407900000) (1024K)]
  0x000001cb0f5cf7f0 JavaThread "DiscoveryClient-InstanceInfoReplicator-%d" daemon [_thread_blocked, id=19540, stack(0x0000002407900000,0x0000002407a00000) (1024K)]
  0x000001cb06cf6750 JavaThread "http-nio-8081-exec-1"       daemon [_thread_blocked, id=10808, stack(0x0000002407a00000,0x0000002407b00000) (1024K)]
  0x000001cb0bd2d770 JavaThread "http-nio-8081-exec-2"       daemon [_thread_blocked, id=7544, stack(0x0000002407b00000,0x0000002407c00000) (1024K)]
  0x000001cb0bd32f30 JavaThread "http-nio-8081-exec-3"       daemon [_thread_blocked, id=5548, stack(0x0000002407c00000,0x0000002407d00000) (1024K)]
  0x000001cb0b98d560 JavaThread "http-nio-8081-exec-4"       daemon [_thread_blocked, id=7004, stack(0x0000002407d00000,0x0000002407e00000) (1024K)]
  0x000001cb0b98eb50 JavaThread "http-nio-8081-exec-5"       daemon [_thread_blocked, id=7648, stack(0x0000002407e00000,0x0000002407f00000) (1024K)]
  0x000001cb0f5cd360 JavaThread "http-nio-8081-exec-6"       daemon [_thread_blocked, id=3156, stack(0x0000002407f00000,0x0000002408000000) (1024K)]
  0x000001cb068ed650 JavaThread "http-nio-8081-exec-7"       daemon [_thread_blocked, id=12544, stack(0x0000002408000000,0x0000002408100000) (1024K)]
  0x000001cb0dc0b200 JavaThread "http-nio-8081-exec-8"       daemon [_thread_blocked, id=20696, stack(0x0000002408100000,0x0000002408200000) (1024K)]
  0x000001cb0ac47c50 JavaThread "http-nio-8081-exec-9"       daemon [_thread_blocked, id=15184, stack(0x0000002408200000,0x0000002408300000) (1024K)]
  0x000001cb0ec81da0 JavaThread "http-nio-8081-exec-10"      daemon [_thread_blocked, id=13248, stack(0x0000002408300000,0x0000002408400000) (1024K)]
  0x000001cac0ef2fd0 JavaThread "http-nio-8081-Poller"       daemon [_thread_in_native, id=13804, stack(0x0000002408400000,0x0000002408500000) (1024K)]
  0x000001cac0ef45c0 JavaThread "http-nio-8081-Acceptor"     daemon [_thread_in_native, id=6184, stack(0x0000002408500000,0x0000002408600000) (1024K)]
  0x000001cac0ef78f0 JavaThread "DestroyJavaVM"                     [_thread_blocked, id=14460, stack(0x0000002404e00000,0x0000002404f00000) (1024K)]
  0x000001cac0ef8040 JavaThread "DiscoveryClient-CacheRefreshExecutor-%d" daemon [_thread_in_vm, id=18612, stack(0x0000002408600000,0x0000002408700000) (1024K)]
  0x000001cac0ef71a0 JavaThread "DiscoveryClient-HeartbeatExecutor-%d" daemon [_thread_blocked, id=19508, stack(0x0000002408700000,0x0000002408800000) (1024K)]
  0x000001cb0d551eb0 JavaThread "pool-3-thread-1"                   [_thread_blocked, id=1288, stack(0x0000002408800000,0x0000002408900000) (1024K)]
  0x000001cb0d552600 JavaThread "parallel-1"                 daemon [_thread_blocked, id=7944, stack(0x0000002408900000,0x0000002408a00000) (1024K)]
  0x000001cb0d5508c0 JavaThread "pool-6-thread-1"            daemon [_thread_blocked, id=21136, stack(0x0000002408a00000,0x0000002408b00000) (1024K)]
  0x000001cb0d554340 JavaThread "reactor-http-nio-1"         daemon [_thread_in_native, id=2064, stack(0x0000002408b00000,0x0000002408c00000) (1024K)]
  0x000001cb0d557dc0 JavaThread "reactor-http-nio-2"         daemon [_thread_in_native, id=19664, stack(0x0000002408c00000,0x0000002408d00000) (1024K)]
  0x000001cb0d556080 JavaThread "reactor-http-nio-3"         daemon [_thread_in_native, id=2656, stack(0x0000002408d00000,0x0000002408e00000) (1024K)]
  0x000001cb0d559b00 JavaThread "reactor-http-nio-4"         daemon [_thread_in_native, id=13072, stack(0x0000002408e00000,0x0000002408f00000) (1024K)]
  0x000001cb0d558510 JavaThread "reactor-http-nio-5"         daemon [_thread_in_native, id=21036, stack(0x0000002408f00000,0x0000002409000000) (1024K)]
  0x000001cb0d558c60 JavaThread "reactor-http-nio-6"         daemon [_thread_in_native, id=5572, stack(0x0000002409000000,0x0000002409100000) (1024K)]
  0x000001cb0d5567d0 JavaThread "reactor-http-nio-7"         daemon [_thread_in_native, id=4780, stack(0x0000002409100000,0x0000002409200000) (1024K)]
  0x000001cb0d5593b0 JavaThread "reactor-http-nio-8"         daemon [_thread_in_native, id=21604, stack(0x0000002409200000,0x0000002409300000) (1024K)]
  0x000001cb0d55a250 JavaThread "Jndi-Dns-address-change-listener" daemon [_thread_in_native, id=7460, stack(0x0000002409300000,0x0000002409400000) (1024K)]
  0x000001cb0d556f20 JavaThread "pool-2-thread-1"                   [_thread_blocked, id=20080, stack(0x0000002404b00000,0x0000002404c00000) (1024K)]
  0x000001cb0d55b840 JavaThread "pool-3-thread-2"                   [_thread_blocked, id=11124, stack(0x0000002407400000,0x0000002407500000) (1024K)]
  0x000001cb0d55ce30 JavaThread "pool-2-thread-2"                   [_thread_blocked, id=1260, stack(0x0000002409500000,0x0000002409600000) (1024K)]
  0x000001cb0d55bf90 JavaThread "pool-3-thread-3"                   [_thread_blocked, id=10136, stack(0x0000002409700000,0x0000002409800000) (1024K)]
  0x000001cb0d55e420 JavaThread "pool-3-thread-4"                   [_thread_blocked, id=328, stack(0x0000002409800000,0x0000002409900000) (1024K)]
  0x000001cb0d55f2c0 JavaThread "pool-2-thread-3"                   [_thread_blocked, id=21452, stack(0x0000002409900000,0x0000002409a00000) (1024K)]
  0x000001cac0ef8ee0 JavaThread "pool-3-thread-5"                   [_thread_blocked, id=16204, stack(0x0000002409a00000,0x0000002409b00000) (1024K)]
  0x000001cb07f50f40 JavaThread "CircuitBreakerAutoTransitionThread" daemon [_thread_blocked, id=3852, stack(0x0000002409b00000,0x0000002409c00000) (1024K)]
  0x000001cb07f500a0 JavaThread "pool-2-thread-4"                   [_thread_blocked, id=17168, stack(0x0000002409c00000,0x0000002409d00000) (1024K)]
Total: 58

Other Threads:
  0x000001cac0b894d0 VMThread "VM Thread"                           [id=11136, stack(0x0000002405500000,0x0000002405600000) (1024K)]
  0x000001cac0b7ac40 WatcherThread "VM Periodic Task Thread"        [id=4512, stack(0x0000002405400000,0x0000002405500000) (1024K)]
  0x000001caa3db7850 WorkerThread "GC Thread#0"                     [id=8064, stack(0x0000002404f00000,0x0000002405000000) (1024K)]
  0x000001cb078aa8a0 WorkerThread "GC Thread#1"                     [id=10832, stack(0x0000002406500000,0x0000002406600000) (1024K)]
  0x000001cb0732e000 WorkerThread "GC Thread#2"                     [id=3684, stack(0x0000002406600000,0x0000002406700000) (1024K)]
  0x000001cb07326240 WorkerThread "GC Thread#3"                     [id=15556, stack(0x0000002406700000,0x0000002406800000) (1024K)]
  0x000001cb07503070 WorkerThread "GC Thread#4"                     [id=6168, stack(0x0000002406800000,0x0000002406900000) (1024K)]
  0x000001cb07503420 WorkerThread "GC Thread#5"                     [id=1664, stack(0x0000002406900000,0x0000002406a00000) (1024K)]
  0x000001cb07503f30 WorkerThread "GC Thread#6"                     [id=4768, stack(0x0000002406a00000,0x0000002406b00000) (1024K)]
  0x000001cb07502cc0 WorkerThread "GC Thread#7"                     [id=9336, stack(0x0000002406b00000,0x0000002406c00000) (1024K)]
  0x000001caa3dc9180 ConcurrentGCThread "G1 Main Marker"            [id=14632, stack(0x0000002405000000,0x0000002405100000) (1024K)]
  0x000001caa1a3e600 WorkerThread "G1 Conc#0"                       [id=21912, stack(0x0000002405100000,0x0000002405200000) (1024K)]
  0x000001cb07cea830 WorkerThread "G1 Conc#1"                       [id=17780, stack(0x0000002406e00000,0x0000002406f00000) (1024K)]
  0x000001cac0a351f0 ConcurrentGCThread "G1 Refine#0"               [id=21796, stack(0x0000002405200000,0x0000002405300000) (1024K)]
  0x000001cac0a36830 ConcurrentGCThread "G1 Service"                [id=4936, stack(0x0000002405300000,0x0000002405400000) (1024K)]
Total: 15

Threads with active compile tasks:
C2 CompilerThread0  270746 9634       4       java.lang.String::toLowerCase (29 bytes)
Total: 1

VM state: not at safepoint (normal execution)

VM Mutex/Monitor currently owned by a thread: None

Heap address: 0x0000000083000000, size: 2000 MB, Compressed Oops mode: 32-bit

CDS archive(s) mapped at: [0x000001cac1000000-0x000001cac1d40000-0x000001cac1d40000), size 13893632, SharedBaseAddress: 0x000001cac1000000, ArchiveRelocationMode: 1.
Compressed class space mapped at: 0x000001cac2000000-0x000001cb02000000, reserved size: 1073741824
UseCompressedClassPointers 1, UseCompactObjectHeaders 0
Narrow klass pointer bits 32, Max shift 3
Narrow klass base: 0x000001cac1000000, Narrow klass shift: 0
Encoding Range: [0x000001cac1000000 - 0x000001cbc1000000), (4294967296 bytes)
Klass Range:    [0x000001cac1000000 - 0x000001cb02000000), (1090519040 bytes)
Klass ID Range:  [8 - 1090519033) (1090519025)

GC Precious Log:
 CardTable entry size: 512
 Card Set container configuration: InlinePtr #cards 5 size 8 Array Of Cards #cards 10 size 36 Howl #buckets 4 coarsen threshold 1843 Howl Bitmap #cards 512 size 80 coarsen threshold 460 Card regions per heap region 1 cards per card region 2048
 CPUs: 8 total, 8 available
 Memory: 7998M
 Large Page Support: Disabled
 NUMA Support: Disabled
 Compressed Oops: Enabled (32-bit)
 Heap Region Size: 1M
 Heap Min Capacity: 8M
 Heap Initial Capacity: 126M
 Heap Max Capacity: 2000M
 Pre-touch: Disabled
 Parallel Workers: 8
 Concurrent Workers: 2
 Concurrent Refinement Workers: 8
 Periodic GC: Disabled

Heap:
 garbage-first heap   total reserved 2048000K, committed 110592K, used 73173K [0x0000000083000000, 0x0000000100000000)
  region size 1024K, 20 young (20480K), 3 survivors (3072K)
 Metaspace       used 100495K, committed 101376K, reserved 1179648K
  class space    used 10754K, committed 11136K, reserved 1048576K

Heap Regions: E=young(eden), S=young(survivor), O=old, HS=humongous(starts), HC=humongous(continues), CS=collection set, F=free, TAMS=top-at-mark-start, PB=parsable bottom
|   0|0x0000000083000000, 0x0000000083100000, 0x0000000083100000|100%|HS|  |TAMS 0x0000000083000000| PB 0x0000000083000000| Complete |  0
|   1|0x0000000083100000, 0x0000000083200000, 0x0000000083200000|100%|HS|  |TAMS 0x0000000083100000| PB 0x0000000083100000| Complete |  0
|   2|0x0000000083200000, 0x0000000083300000, 0x0000000083300000|100%|HS|  |TAMS 0x0000000083200000| PB 0x0000000083200000| Complete |  0
|   3|0x0000000083300000, 0x0000000083400000, 0x0000000083400000|100%| O|  |TAMS 0x0000000083300000| PB 0x0000000083300000| Untracked |  0
|   4|0x0000000083400000, 0x0000000083500000, 0x0000000083500000|100%| O|  |TAMS 0x0000000083400000| PB 0x0000000083400000| Untracked |  0
|   5|0x0000000083500000, 0x0000000083600000, 0x0000000083600000|100%| O|  |TAMS 0x0000000083500000| PB 0x0000000083500000| Untracked |  0
|   6|0x0000000083600000, 0x0000000083700000, 0x0000000083700000|100%| O|  |TAMS 0x0000000083600000| PB 0x0000000083600000| Untracked |  0
|   7|0x0000000083700000, 0x0000000083800000, 0x0000000083800000|100%| O|  |TAMS 0x0000000083700000| PB 0x0000000083700000| Untracked |  0
|   8|0x0000000083800000, 0x0000000083900000, 0x0000000083900000|100%| O|  |TAMS 0x0000000083800000| PB 0x0000000083800000| Untracked |  0
|   9|0x0000000083900000, 0x0000000083a00000, 0x0000000083a00000|100%| O|  |TAMS 0x0000000083900000| PB 0x0000000083900000| Untracked |  0
|  10|0x0000000083a00000, 0x0000000083b00000, 0x0000000083b00000|100%| O|  |TAMS 0x0000000083a00000| PB 0x0000000083a00000| Untracked |  0
|  11|0x0000000083b00000, 0x0000000083c00000, 0x0000000083c00000|100%| O|  |TAMS 0x0000000083b00000| PB 0x0000000083b00000| Untracked |  0
|  12|0x0000000083c00000, 0x0000000083d00000, 0x0000000083d00000|100%| O|  |TAMS 0x0000000083c00000| PB 0x0000000083c00000| Untracked |  0
|  13|0x0000000083d00000, 0x0000000083e00000, 0x0000000083e00000|100%| O|  |TAMS 0x0000000083d00000| PB 0x0000000083d00000| Untracked |  0
|  14|0x0000000083e00000, 0x0000000083e00000, 0x0000000083f00000|  0%| F|  |TAMS 0x0000000083e00000| PB 0x0000000083e00000| Untracked |  0
|  15|0x0000000083f00000, 0x0000000084000000, 0x0000000084000000|100%| O|  |TAMS 0x0000000083f00000| PB 0x0000000083f00000| Untracked |  0
|  16|0x0000000084000000, 0x0000000084100000, 0x0000000084100000|100%| O|  |TAMS 0x0000000084000000| PB 0x0000000084000000| Untracked |  0
|  17|0x0000000084100000, 0x0000000084200000, 0x0000000084200000|100%| O|  |TAMS 0x0000000084100000| PB 0x0000000084100000| Untracked |  0
|  18|0x0000000084200000, 0x0000000084300000, 0x0000000084300000|100%| O|  |TAMS 0x0000000084200000| PB 0x0000000084200000| Untracked |  0
|  19|0x0000000084300000, 0x0000000084400000, 0x0000000084400000|100%| O|  |TAMS 0x0000000084300000| PB 0x0000000084300000| Untracked |  0
|  20|0x0000000084400000, 0x0000000084500000, 0x0000000084500000|100%| O|  |TAMS 0x0000000084400000| PB 0x0000000084400000| Untracked |  0
|  21|0x0000000084500000, 0x0000000084600000, 0x0000000084600000|100%| O|  |TAMS 0x0000000084500000| PB 0x0000000084500000| Untracked |  0
|  22|0x0000000084600000, 0x0000000084700000, 0x0000000084700000|100%| O|  |TAMS 0x0000000084600000| PB 0x0000000084600000| Untracked |  0
|  23|0x0000000084700000, 0x0000000084800000, 0x0000000084800000|100%| O|  |TAMS 0x0000000084700000| PB 0x0000000084700000| Untracked |  0
|  24|0x0000000084800000, 0x0000000084900000, 0x0000000084900000|100%| O|  |TAMS 0x0000000084800000| PB 0x0000000084800000| Untracked |  0
|  25|0x0000000084900000, 0x0000000084a00000, 0x0000000084a00000|100%| O|  |TAMS 0x0000000084900000| PB 0x0000000084900000| Untracked |  0
|  26|0x0000000084a00000, 0x0000000084b00000, 0x0000000084b00000|100%| O|  |TAMS 0x0000000084a00000| PB 0x0000000084a00000| Untracked |  0
|  27|0x0000000084b00000, 0x0000000084c00000, 0x0000000084c00000|100%| O|  |TAMS 0x0000000084b00000| PB 0x0000000084b00000| Untracked |  0
|  28|0x0000000084c00000, 0x0000000084c00000, 0x0000000084d00000|  0%| F|  |TAMS 0x0000000084c00000| PB 0x0000000084c00000| Untracked |  0
|  29|0x0000000084d00000, 0x0000000084e00000, 0x0000000084e00000|100%| O|  |TAMS 0x0000000084d00000| PB 0x0000000084d00000| Untracked |  0
|  30|0x0000000084e00000, 0x0000000084f00000, 0x0000000084f00000|100%| O|  |TAMS 0x0000000084e00000| PB 0x0000000084e00000| Untracked |  0
|  31|0x0000000084f00000, 0x0000000084f00000, 0x0000000085000000|  0%| F|  |TAMS 0x0000000084f00000| PB 0x0000000084f00000| Untracked |  0
|  32|0x0000000085000000, 0x0000000085100000, 0x0000000085100000|100%| O|  |TAMS 0x0000000085000000| PB 0x0000000085000000| Untracked |  0
|  33|0x0000000085100000, 0x0000000085200000, 0x0000000085200000|100%| O|  |TAMS 0x0000000085100000| PB 0x0000000085100000| Untracked |  0
|  34|0x0000000085200000, 0x0000000085300000, 0x0000000085300000|100%| O|  |TAMS 0x0000000085200000| PB 0x0000000085200000| Untracked |  0
|  35|0x0000000085300000, 0x0000000085400000, 0x0000000085400000|100%| O|  |TAMS 0x0000000085300000| PB 0x0000000085300000| Untracked |  0
|  36|0x0000000085400000, 0x0000000085500000, 0x0000000085500000|100%| O|  |TAMS 0x0000000085400000| PB 0x0000000085400000| Untracked |  0
|  37|0x0000000085500000, 0x0000000085600000, 0x0000000085600000|100%| O|  |TAMS 0x0000000085500000| PB 0x0000000085500000| Untracked |  0
|  38|0x0000000085600000, 0x0000000085700000, 0x0000000085700000|100%| O|  |TAMS 0x0000000085600000| PB 0x0000000085600000| Untracked |  0
|  39|0x0000000085700000, 0x0000000085800000, 0x0000000085800000|100%| O|  |TAMS 0x0000000085700000| PB 0x0000000085700000| Untracked |  0
|  40|0x0000000085800000, 0x0000000085800000, 0x0000000085900000|  0%| F|  |TAMS 0x0000000085800000| PB 0x0000000085800000| Untracked |  0
|  41|0x0000000085900000, 0x0000000085a00000, 0x0000000085a00000|100%| O|  |TAMS 0x0000000085900000| PB 0x0000000085900000| Untracked |  0
|  42|0x0000000085a00000, 0x0000000085b00000, 0x0000000085b00000|100%| O|  |TAMS 0x0000000085a00000| PB 0x0000000085a00000| Untracked |  0
|  43|0x0000000085b00000, 0x0000000085c00000, 0x0000000085c00000|100%| O|  |TAMS 0x0000000085b00000| PB 0x0000000085b00000| Untracked |  0
|  44|0x0000000085c00000, 0x0000000085d00000, 0x0000000085d00000|100%| O|  |TAMS 0x0000000085c00000| PB 0x0000000085c00000| Untracked |  0
|  45|0x0000000085d00000, 0x0000000085e00000, 0x0000000085e00000|100%| O|  |TAMS 0x0000000085d00000| PB 0x0000000085d00000| Untracked |  0
|  46|0x0000000085e00000, 0x0000000085f00000, 0x0000000085f00000|100%| O|  |TAMS 0x0000000085e00000| PB 0x0000000085e00000| Untracked |  0
|  47|0x0000000085f00000, 0x0000000086000000, 0x0000000086000000|100%| O|  |TAMS 0x0000000085f00000| PB 0x0000000085f00000| Untracked |  0
|  48|0x0000000086000000, 0x0000000086000000, 0x0000000086100000|  0%| F|  |TAMS 0x0000000086000000| PB 0x0000000086000000| Untracked |  0
|  49|0x0000000086100000, 0x0000000086200000, 0x0000000086200000|100%| O|  |TAMS 0x0000000086100000| PB 0x0000000086100000| Untracked |  0
|  50|0x0000000086200000, 0x0000000086300000, 0x0000000086300000|100%| O|  |TAMS 0x0000000086200000| PB 0x0000000086200000| Untracked |  0
|  51|0x0000000086300000, 0x0000000086300000, 0x0000000086400000|  0%| F|  |TAMS 0x0000000086300000| PB 0x0000000086300000| Untracked |  0
|  52|0x0000000086400000, 0x0000000086400000, 0x0000000086500000|  0%| F|  |TAMS 0x0000000086400000| PB 0x0000000086400000| Untracked |  0
|  53|0x0000000086500000, 0x0000000086500000, 0x0000000086600000|  0%| F|  |TAMS 0x0000000086500000| PB 0x0000000086500000| Untracked |  0
|  54|0x0000000086600000, 0x0000000086600000, 0x0000000086700000|  0%| F|  |TAMS 0x0000000086600000| PB 0x0000000086600000| Untracked |  0
|  55|0x0000000086700000, 0x0000000086700000, 0x0000000086800000|  0%| F|  |TAMS 0x0000000086700000| PB 0x0000000086700000| Untracked |  0
|  56|0x0000000086800000, 0x0000000086800000, 0x0000000086900000|  0%| F|  |TAMS 0x0000000086800000| PB 0x0000000086800000| Untracked |  0
|  57|0x0000000086900000, 0x0000000086900000, 0x0000000086a00000|  0%| F|  |TAMS 0x0000000086900000| PB 0x0000000086900000| Untracked |  0
|  58|0x0000000086a00000, 0x0000000086b00000, 0x0000000086b00000|100%| O|  |TAMS 0x0000000086a00000| PB 0x0000000086a00000| Untracked |  0
|  59|0x0000000086b00000, 0x0000000086c00000, 0x0000000086c00000|100%| O|  |TAMS 0x0000000086b00000| PB 0x0000000086b00000| Untracked |  0
|  60|0x0000000086c00000, 0x0000000086d00000, 0x0000000086d00000|100%| O|  |TAMS 0x0000000086c00000| PB 0x0000000086c00000| Untracked |  0
|  61|0x0000000086d00000, 0x0000000086e00000, 0x0000000086e00000|100%| O|  |TAMS 0x0000000086d00000| PB 0x0000000086d00000| Untracked |  0
|  62|0x0000000086e00000, 0x0000000086f00000, 0x0000000086f00000|100%| O|  |TAMS 0x0000000086e00000| PB 0x0000000086e00000| Untracked |  0
|  63|0x0000000086f00000, 0x0000000087000000, 0x0000000087000000|100%| O|  |TAMS 0x0000000086f00000| PB 0x0000000086f00000| Untracked |  0
|  64|0x0000000087000000, 0x0000000087088800, 0x0000000087100000| 53%| O|  |TAMS 0x0000000087000000| PB 0x0000000087000000| Untracked |  0
|  65|0x0000000087100000, 0x0000000087100000, 0x0000000087200000|  0%| F|  |TAMS 0x0000000087100000| PB 0x0000000087100000| Untracked |  0
|  66|0x0000000087200000, 0x00000000872ecf48, 0x0000000087300000| 92%| S|CS|TAMS 0x0000000087200000| PB 0x0000000087200000| Complete |  0
|  67|0x0000000087300000, 0x0000000087400000, 0x0000000087400000|100%| S|CS|TAMS 0x0000000087300000| PB 0x0000000087300000| Complete |  0
|  68|0x0000000087400000, 0x0000000087500000, 0x0000000087500000|100%| S|CS|TAMS 0x0000000087400000| PB 0x0000000087400000| Complete |  0
|  69|0x0000000087500000, 0x0000000087500000, 0x0000000087600000|  0%| F|  |TAMS 0x0000000087500000| PB 0x0000000087500000| Untracked |  0
|  70|0x0000000087600000, 0x0000000087600000, 0x0000000087700000|  0%| F|  |TAMS 0x0000000087600000| PB 0x0000000087600000| Untracked |  0
|  71|0x0000000087700000, 0x0000000087700000, 0x0000000087800000|  0%| F|  |TAMS 0x0000000087700000| PB 0x0000000087700000| Untracked |  0
|  72|0x0000000087800000, 0x0000000087800000, 0x0000000087900000|  0%| F|  |TAMS 0x0000000087800000| PB 0x0000000087800000| Untracked |  0
|  73|0x0000000087900000, 0x0000000087900000, 0x0000000087a00000|  0%| F|  |TAMS 0x0000000087900000| PB 0x0000000087900000| Untracked |  0
|  74|0x0000000087a00000, 0x0000000087a00000, 0x0000000087b00000|  0%| F|  |TAMS 0x0000000087a00000| PB 0x0000000087a00000| Untracked |  0
|  75|0x0000000087b00000, 0x0000000087b00000, 0x0000000087c00000|  0%| F|  |TAMS 0x0000000087b00000| PB 0x0000000087b00000| Untracked |  0
|  76|0x0000000087c00000, 0x0000000087c00000, 0x0000000087d00000|  0%| F|  |TAMS 0x0000000087c00000| PB 0x0000000087c00000| Untracked |  0
|  77|0x0000000087d00000, 0x0000000087d00000, 0x0000000087e00000|  0%| F|  |TAMS 0x0000000087d00000| PB 0x0000000087d00000| Untracked |  0
|  78|0x0000000087e00000, 0x0000000087e00000, 0x0000000087f00000|  0%| F|  |TAMS 0x0000000087e00000| PB 0x0000000087e00000| Untracked |  0
|  79|0x0000000087f00000, 0x0000000087f00000, 0x0000000088000000|  0%| F|  |TAMS 0x0000000087f00000| PB 0x0000000087f00000| Untracked |  0
|  80|0x0000000088000000, 0x0000000088000000, 0x0000000088100000|  0%| F|  |TAMS 0x0000000088000000| PB 0x0000000088000000| Untracked |  0
|  81|0x0000000088100000, 0x0000000088100000, 0x0000000088200000|  0%| F|  |TAMS 0x0000000088100000| PB 0x0000000088100000| Untracked |  0
|  82|0x0000000088200000, 0x0000000088200000, 0x0000000088300000|  0%| F|  |TAMS 0x0000000088200000| PB 0x0000000088200000| Untracked |  0
|  83|0x0000000088300000, 0x0000000088300000, 0x0000000088400000|  0%| F|  |TAMS 0x0000000088300000| PB 0x0000000088300000| Untracked |  0
|  84|0x0000000088400000, 0x0000000088400000, 0x0000000088500000|  0%| F|  |TAMS 0x0000000088400000| PB 0x0000000088400000| Untracked |  0
|  85|0x0000000088500000, 0x0000000088500000, 0x0000000088600000|  0%| F|  |TAMS 0x0000000088500000| PB 0x0000000088500000| Untracked |  0
|  86|0x0000000088600000, 0x0000000088600000, 0x0000000088700000|  0%| F|  |TAMS 0x0000000088600000| PB 0x0000000088600000| Untracked |  0
|  87|0x0000000088700000, 0x0000000088700000, 0x0000000088800000|  0%| F|  |TAMS 0x0000000088700000| PB 0x0000000088700000| Untracked |  0
|  88|0x0000000088800000, 0x0000000088800000, 0x0000000088900000|  0%| F|  |TAMS 0x0000000088800000| PB 0x0000000088800000| Untracked |  0
|  89|0x0000000088900000, 0x0000000088900000, 0x0000000088a00000|  0%| F|  |TAMS 0x0000000088900000| PB 0x0000000088900000| Untracked |  0
|  90|0x0000000088a00000, 0x0000000088a0ac70, 0x0000000088b00000|  4%| E|  |TAMS 0x0000000088a00000| PB 0x0000000088a00000| Complete |  0
|  91|0x0000000088b00000, 0x0000000088c00000, 0x0000000088c00000|100%| E|CS|TAMS 0x0000000088b00000| PB 0x0000000088b00000| Complete |  1
|  92|0x0000000088c00000, 0x0000000088d00000, 0x0000000088d00000|100%| E|CS|TAMS 0x0000000088c00000| PB 0x0000000088c00000| Complete |  0
|  93|0x0000000088d00000, 0x0000000088e00000, 0x0000000088e00000|100%| E|CS|TAMS 0x0000000088d00000| PB 0x0000000088d00000| Complete |  0
|  94|0x0000000088e00000, 0x0000000088f00000, 0x0000000088f00000|100%| E|CS|TAMS 0x0000000088e00000| PB 0x0000000088e00000| Complete |  0
|  95|0x0000000088f00000, 0x0000000089000000, 0x0000000089000000|100%| E|CS|TAMS 0x0000000088f00000| PB 0x0000000088f00000| Complete |  0
|  96|0x0000000089000000, 0x0000000089100000, 0x0000000089100000|100%| E|CS|TAMS 0x0000000089000000| PB 0x0000000089000000| Complete |  0
|  97|0x0000000089100000, 0x0000000089200000, 0x0000000089200000|100%| E|CS|TAMS 0x0000000089100000| PB 0x0000000089100000| Complete |  0
|  98|0x0000000089200000, 0x0000000089300000, 0x0000000089300000|100%| E|CS|TAMS 0x0000000089200000| PB 0x0000000089200000| Complete |  0
|  99|0x0000000089300000, 0x0000000089400000, 0x0000000089400000|100%| E|  |TAMS 0x0000000089300000| PB 0x0000000089300000| Complete |  0
| 100|0x0000000089400000, 0x0000000089500000, 0x0000000089500000|100%| E|CS|TAMS 0x0000000089400000| PB 0x0000000089400000| Complete |  0
| 101|0x0000000089500000, 0x0000000089600000, 0x0000000089600000|100%| E|CS|TAMS 0x0000000089500000| PB 0x0000000089500000| Complete |  0
| 102|0x0000000089600000, 0x0000000089700000, 0x0000000089700000|100%| E|CS|TAMS 0x0000000089600000| PB 0x0000000089600000| Complete |  0
| 103|0x0000000089700000, 0x0000000089800000, 0x0000000089800000|100%| E|CS|TAMS 0x0000000089700000| PB 0x0000000089700000| Complete |  0
| 104|0x0000000089800000, 0x0000000089900000, 0x0000000089900000|100%| E|CS|TAMS 0x0000000089800000| PB 0x0000000089800000| Complete |  0
| 125|0x000000008ad00000, 0x000000008ae00000, 0x000000008ae00000|100%| E|CS|TAMS 0x000000008ad00000| PB 0x000000008ad00000| Complete |  0
|1998|0x00000000ffe00000, 0x00000000fff00000, 0x00000000fff00000|100%| O|  |TAMS 0x00000000ffe00000| PB 0x00000000ffe00000| Untracked |  0
|1999|0x00000000fff00000, 0x0000000100000000, 0x0000000100000000|100%| E|CS|TAMS 0x00000000fff00000| PB 0x00000000fff00000| Complete |  0

Card table byte_map: [0x000001cabbe20000,0x000001cabc210000] _byte_map_base: 0x000001cabba08000

Marking Bits: (CMBitMap*) 0x000001caa3db7f60
 Bits: [0x000001cabc210000, 0x000001cabe150000)

Polling page: 0x000001caa1ab0000

Metaspace:

Usage:
  Non-class:     87.64 MB used.
      Class:     10.50 MB used.
       Both:     98.14 MB used.

Virtual space:
  Non-class space:      128.00 MB reserved,      88.12 MB ( 69%) committed,  2 nodes.
      Class space:        1.00 GB reserved,      10.88 MB (  1%) committed,  1 nodes.
             Both:        1.12 GB reserved,      99.00 MB (  9%) committed. 

Chunk freelists:
   Non-Class:  7.44 MB
       Class:  5.04 MB
        Both:  12.48 MB

MaxMetaspaceSize: unlimited
CompressedClassSpaceSize: 1.00 GB
Initial GC threshold: 21.00 MB
Current GC threshold: 134.06 MB
CDS: on
 - commit_granule_bytes: 65536.
 - commit_granule_words: 8192.
 - virtual_space_node_default_size: 8388608.
 - enlarge_chunks_in_place: 1.
UseCompressedClassPointers 1, UseCompactObjectHeaders 0
Narrow klass pointer bits 32, Max shift 3
Narrow klass base: 0x000001cac1000000, Narrow klass shift: 0
Encoding Range: [0x000001cac1000000 - 0x000001cbc1000000), (4294967296 bytes)
Klass Range:    [0x000001cac1000000 - 0x000001cb02000000), (1090519040 bytes)
Klass ID Range:  [8 - 1090519033) (1090519025)


Internal statistics:

num_allocs_failed_limit: 9.
num_arena_births: 1264.
num_arena_deaths: 0.
num_vsnodes_births: 3.
num_vsnodes_deaths: 0.
num_space_committed: 1584.
num_space_uncommitted: 0.
num_chunks_returned_to_freelist: 9.
num_chunks_taken_from_freelist: 4694.
num_chunk_merges: 6.
num_chunk_splits: 3356.
num_chunks_enlarged: 2725.
num_inconsistent_stats: 0.

CodeHeap 'non-profiled nmethods': size=120064Kb used=5050Kb max_used=5050Kb free=115013Kb
 bounds [0x000001cab40a0000, 0x000001cab4590000, 0x000001cabb5e0000]
CodeHeap 'profiled nmethods': size=120000Kb used=13046Kb max_used=13046Kb free=106954Kb
 bounds [0x000001caac5e0000, 0x000001caad2a0000, 0x000001cab3b10000]
CodeHeap 'non-nmethods': size=5696Kb used=1730Kb max_used=1834Kb free=3966Kb
 bounds [0x000001cab3b10000, 0x000001cab3d80000, 0x000001cab40a0000]
CodeCache: size=245760Kb, used=19826Kb, max_used=19930Kb, free=225933Kb
 total_blobs=8987, nmethods=8164, adapters=727, full_count=0
Compilation: enabled, stopped_count=0, restarted_count=0

Compilation events (20 events):
Event: 266.040 Thread 0x000001cac0bc5420 nmethod 9624 0x000001caad29a808 code [0x000001caad29a9a0, 0x000001caad29b230]
Event: 266.040 Thread 0x000001cac0bc5420 9625       3       org.apache.catalina.LifecycleEvent::<init> (16 bytes)
Event: 266.041 Thread 0x000001cac0bc5420 nmethod 9625 0x000001caad29b288 code [0x000001caad29b3e0, 0x000001caad29b7c0]
Event: 269.611 Thread 0x000001cac0bc5420 9626       3       java.util.regex.Pattern$CharProperty::match (71 bytes)
Event: 269.614 Thread 0x000001cac0bc5420 nmethod 9626 0x000001caad29b808 code [0x000001caad29b960, 0x000001caad29be48]
Event: 269.614 Thread 0x000001cac0bc5420 9630       3       io.micrometer.core.instrument.Tag::of (10 bytes)
Event: 269.615 Thread 0x000001cac0bbf900 9634       4       java.lang.String::toLowerCase (29 bytes)
Event: 269.617 Thread 0x000001cac0bc5420 nmethod 9630 0x000001caad29be88 code [0x000001caad29c000, 0x000001caad29c580]
Event: 269.617 Thread 0x000001cac0bc5420 9631       3       io.micrometer.core.instrument.ImmutableTag::<init> (25 bytes)
Event: 269.618 Thread 0x000001cac0bc5420 nmethod 9631 0x000001caad29c608 code [0x000001caad29c780, 0x000001caad29cc58]
Event: 269.618 Thread 0x000001cac0bc5420 9628       3       io.micrometer.common.KeyValues$ArrayIterator::<init> (15 bytes)
Event: 269.619 Thread 0x000001cac0bc5420 nmethod 9628 0x000001caad29cc88 code [0x000001caad29cda0, 0x000001caad29cf68]
Event: 269.619 Thread 0x000001cac0bc5420 9629       3       io.micrometer.common.KeyValues$ArrayIterator::<init> (6 bytes)
Event: 269.623 Thread 0x000001cac0bc5420 nmethod 9629 0x000001caad29d008 code [0x000001caad29d120, 0x000001caad29d348]
Event: 269.623 Thread 0x000001cac0bc5420 9627       3       io.micrometer.common.KeyValues::iterator (10 bytes)
Event: 269.624 Thread 0x000001cac0bc5420 nmethod 9627 0x000001caad29d388 code [0x000001caad29d4c0, 0x000001caad29d7a0]
Event: 269.624 Thread 0x000001cac0bc5420 9633       1       org.apache.hc.core5.http.message.BasicHttpRequest::getAuthority (5 bytes)
Event: 269.625 Thread 0x000001cac0bc5420 nmethod 9633 0x000001cab458e508 code [0x000001cab458e600, 0x000001cab458e6c8]
Event: 269.626 Thread 0x000001cac0bc5420 9632       1       org.springframework.util.MimeType::getCharset (5 bytes)
Event: 269.631 Thread 0x000001cac0bc5420 nmethod 9632 0x000001cab458e808 code [0x000001cab458e900, 0x000001cab458e9c8]

GC Heap History (20 events):
Event: 22.555 GC heap before
{Heap before GC invocations=17 (full 0):
 garbage-first heap   total reserved 2048000K, committed 92160K, used 81458K [0x0000000083000000, 0x0000000100000000)
  region size 1024K, 43 young (44032K), 5 survivors (5120K)
 Metaspace       used 74814K, committed 75392K, reserved 1179648K
  class space    used 7794K, committed 8064K, reserved 1048576K
}
Event: 22.565 GC heap after
{Heap after GC invocations=18 (full 0):
 garbage-first heap   total reserved 2048000K, committed 92160K, used 45161K [0x0000000083000000, 0x0000000100000000)
  region size 1024K, 5 young (5120K), 5 survivors (5120K)
 Metaspace       used 74814K, committed 75392K, reserved 1179648K
  class space    used 7794K, committed 8064K, reserved 1048576K
}
Event: 23.135 GC heap before
{Heap before GC invocations=18 (full 0):
 garbage-first heap   total reserved 2048000K, committed 92160K, used 81001K [0x0000000083000000, 0x0000000100000000)
  region size 1024K, 40 young (40960K), 5 survivors (5120K)
 Metaspace       used 75682K, committed 76352K, reserved 1179648K
  class space    used 7902K, committed 8192K, reserved 1048576K
}
Event: 23.145 GC heap after
{Heap after GC invocations=19 (full 0):
 garbage-first heap   total reserved 2048000K, committed 92160K, used 46910K [0x0000000083000000, 0x0000000100000000)
  region size 1024K, 5 young (5120K), 5 survivors (5120K)
 Metaspace       used 75682K, committed 76352K, reserved 1179648K
  class space    used 7902K, committed 8192K, reserved 1048576K
}
Event: 23.905 GC heap before
{Heap before GC invocations=20 (full 0):
 garbage-first heap   total reserved 2048000K, committed 92160K, used 80702K [0x0000000083000000, 0x0000000100000000)
  region size 1024K, 38 young (38912K), 5 survivors (5120K)
 Metaspace       used 76521K, committed 77120K, reserved 1179648K
  class space    used 8041K, committed 8320K, reserved 1048576K
}
Event: 23.911 GC heap after
{Heap after GC invocations=21 (full 0):
 garbage-first heap   total reserved 2048000K, committed 92160K, used 48501K [0x0000000083000000, 0x0000000100000000)
  region size 1024K, 4 young (4096K), 4 survivors (4096K)
 Metaspace       used 76521K, committed 77120K, reserved 1179648K
  class space    used 8041K, committed 8320K, reserved 1048576K
}
Event: 24.489 GC heap before
{Heap before GC invocations=21 (full 0):
 garbage-first heap   total reserved 2048000K, committed 92160K, used 82293K [0x0000000083000000, 0x0000000100000000)
  region size 1024K, 37 young (37888K), 4 survivors (4096K)
 Metaspace       used 77047K, committed 77696K, reserved 1179648K
  class space    used 8116K, committed 8384K, reserved 1048576K
}
Event: 24.498 GC heap after
{Heap after GC invocations=22 (full 0):
 garbage-first heap   total reserved 2048000K, committed 92160K, used 49861K [0x0000000083000000, 0x0000000100000000)
  region size 1024K, 4 young (4096K), 4 survivors (4096K)
 Metaspace       used 77047K, committed 77696K, reserved 1179648K
  class space    used 8116K, committed 8384K, reserved 1048576K
}
Event: 25.129 GC heap before
{Heap before GC invocations=22 (full 0):
 garbage-first heap   total reserved 2048000K, committed 92160K, used 82629K [0x0000000083000000, 0x0000000100000000)
  region size 1024K, 36 young (36864K), 4 survivors (4096K)
 Metaspace       used 77680K, committed 78336K, reserved 1179648K
  class space    used 8210K, committed 8512K, reserved 1048576K
}
Event: 25.135 GC heap after
{Heap after GC invocations=23 (full 0):
 garbage-first heap   total reserved 2048000K, committed 92160K, used 51423K [0x0000000083000000, 0x0000000100000000)
  region size 1024K, 4 young (4096K), 4 survivors (4096K)
 Metaspace       used 77680K, committed 78336K, reserved 1179648K
  class space    used 8210K, committed 8512K, reserved 1048576K
}
Event: 25.706 GC heap before
{Heap before GC invocations=24 (full 0):
 garbage-first heap   total reserved 2048000K, committed 92160K, used 82143K [0x0000000083000000, 0x0000000100000000)
  region size 1024K, 34 young (34816K), 4 survivors (4096K)
 Metaspace       used 78740K, committed 79360K, reserved 1179648K
  class space    used 8376K, committed 8640K, reserved 1048576K
}
Event: 25.713 GC heap after
{Heap after GC invocations=25 (full 0):
 garbage-first heap   total reserved 2048000K, committed 92160K, used 52662K [0x0000000083000000, 0x0000000100000000)
  region size 1024K, 3 young (3072K), 3 survivors (3072K)
 Metaspace       used 78740K, committed 79360K, reserved 1179648K
  class space    used 8376K, committed 8640K, reserved 1048576K
}
Event: 26.263 GC heap before
{Heap before GC invocations=25 (full 0):
 garbage-first heap   total reserved 2048000K, committed 92160K, used 83382K [0x0000000083000000, 0x0000000100000000)
  region size 1024K, 33 young (33792K), 3 survivors (3072K)
 Metaspace       used 79358K, committed 80064K, reserved 1179648K
  class space    used 8440K, committed 8768K, reserved 1048576K
}
Event: 26.271 GC heap after
{Heap after GC invocations=26 (full 0):
 garbage-first heap   total reserved 2048000K, committed 92160K, used 53886K [0x0000000083000000, 0x0000000100000000)
  region size 1024K, 5 young (5120K), 5 survivors (5120K)
 Metaspace       used 79358K, committed 80064K, reserved 1179648K
  class space    used 8440K, committed 8768K, reserved 1048576K
}
Event: 27.273 GC heap before
{Heap before GC invocations=26 (full 0):
 garbage-first heap   total reserved 2048000K, committed 92160K, used 81534K [0x0000000083000000, 0x0000000100000000)
  region size 1024K, 32 young (32768K), 5 survivors (5120K)
 Metaspace       used 81389K, committed 82112K, reserved 1179648K
  class space    used 8652K, committed 8960K, reserved 1048576K
}
Event: 27.282 GC heap after
{Heap after GC invocations=27 (full 0):
 garbage-first heap   total reserved 2048000K, committed 110592K, used 53977K [0x0000000083000000, 0x0000000100000000)
  region size 1024K, 3 young (3072K), 3 survivors (3072K)
 Metaspace       used 81389K, committed 82112K, reserved 1179648K
  class space    used 8652K, committed 8960K, reserved 1048576K
}
Event: 29.207 GC heap before
{Heap before GC invocations=28 (full 0):
 garbage-first heap   total reserved 2048000K, committed 110592K, used 101081K [0x0000000083000000, 0x0000000100000000)
  region size 1024K, 49 young (50176K), 3 survivors (3072K)
 Metaspace       used 88599K, committed 89408K, reserved 1179648K
  class space    used 9480K, committed 9856K, reserved 1048576K
}
Event: 29.218 GC heap after
{Heap after GC invocations=29 (full 0):
 garbage-first heap   total reserved 2048000K, committed 110592K, used 58159K [0x0000000083000000, 0x0000000100000000)
  region size 1024K, 7 young (7168K), 7 survivors (7168K)
 Metaspace       used 88599K, committed 89408K, reserved 1179648K
  class space    used 9480K, committed 9856K, reserved 1048576K
}
Event: 88.820 GC heap before
{Heap before GC invocations=29 (full 0):
 garbage-first heap   total reserved 2048000K, committed 110592K, used 96047K [0x0000000083000000, 0x0000000100000000)
  region size 1024K, 45 young (46080K), 7 survivors (7168K)
 Metaspace       used 97676K, committed 98560K, reserved 1179648K
  class space    used 10413K, committed 10816K, reserved 1048576K
}
Event: 88.830 GC heap after
{Heap after GC invocations=30 (full 0):
 garbage-first heap   total reserved 2048000K, committed 110592K, used 57813K [0x0000000083000000, 0x0000000100000000)
  region size 1024K, 3 young (3072K), 3 survivors (3072K)
 Metaspace       used 97676K, committed 98560K, reserved 1179648K
  class space    used 10413K, committed 10816K, reserved 1048576K
}

Dll operation events (13 events):
Event: 0.034 Loaded shared library C:\Program Files\Java\jdk-24\bin\java.dll
Event: 0.038 Loaded shared library C:\Program Files\Java\jdk-24\bin\zip.dll
Event: 0.112 Loaded shared library C:\Program Files\Java\jdk-24\bin\jsvml.dll
Event: 4.282 Loaded shared library C:\Program Files\Java\jdk-24\bin\instrument.dll
Event: 4.471 Loaded shared library C:\Program Files\Java\jdk-24\bin\net.dll
Event: 4.473 Loaded shared library C:\Program Files\Java\jdk-24\bin\nio.dll
Event: 4.495 Loaded shared library C:\Program Files\Java\jdk-24\bin\zip.dll
Event: 4.775 Loaded shared library C:\Program Files\Java\jdk-24\bin\jimage.dll
Event: 8.247 Loaded shared library C:\Program Files\Java\jdk-24\bin\sunmscapi.dll
Event: 14.759 Loaded shared library C:\Program Files\Java\jdk-24\bin\management.dll
Event: 14.762 Loaded shared library C:\Program Files\Java\jdk-24\bin\management_ext.dll
Event: 17.420 Loaded shared library C:\Program Files\Java\jdk-24\bin\verify.dll
Event: 18.054 Loaded shared library C:\Program Files\Java\jdk-24\bin\extnet.dll

Deoptimization events (20 events):
Event: 99.575 Thread 0x000001cb0d551760 DEOPT PACKING pc=0x000001caacad67dc sp=0x0000002404dfcfa0
Event: 99.575 Thread 0x000001cb0d551760 DEOPT UNPACKING pc=0x000001cab3b65722 sp=0x0000002404dfc410 mode 1
Event: 99.576 Thread 0x000001cb0d551760 DEOPT PACKING pc=0x000001caacad67dc sp=0x0000002404dfcfa0
Event: 99.576 Thread 0x000001cb0d551760 DEOPT UNPACKING pc=0x000001cab3b65722 sp=0x0000002404dfc410 mode 1
Event: 112.922 Thread 0x000001cb0b98eb50 Uncommon trap: trap_request=0xffffffde fr.pc=0x000001cab414fd18 relative=0x00000000000005d8
Event: 112.922 Thread 0x000001cb0b98eb50 Uncommon trap: reason=class_check action=maybe_recompile pc=0x000001cab414fd18 method=org.springframework.core.MethodParameter.getGenericParameterType()Ljava/lang/reflect/Type; @ 17 c2
Event: 112.922 Thread 0x000001cb0b98eb50 DEOPT PACKING pc=0x000001cab414fd18 sp=0x0000002407efd2a0
Event: 112.922 Thread 0x000001cb0b98eb50 DEOPT UNPACKING pc=0x000001cab3c36282 sp=0x0000002407efd288 mode 2
Event: 124.464 Thread 0x000001cb07f50f40 Uncommon trap: trap_request=0xffffff4d fr.pc=0x000001cab40f7510 relative=0x00000000000003d0
Event: 124.465 Thread 0x000001cb07f50f40 Uncommon trap: reason=unstable_if action=reinterpret pc=0x000001cab40f7510 method=java.util.HashMap.getNode(Ljava/lang/Object;)Ljava/util/HashMap$Node; @ 66 c2
Event: 124.465 Thread 0x000001cb07f50f40 DEOPT PACKING pc=0x000001cab40f7510 sp=0x0000002409bfec60
Event: 124.465 Thread 0x000001cb07f50f40 DEOPT UNPACKING pc=0x000001cab3c36282 sp=0x0000002409bfeba0 mode 2
Event: 124.467 Thread 0x000001cb07f50f40 Uncommon trap: trap_request=0xffffff4d fr.pc=0x000001cab40d2d7c relative=0x00000000000003bc
Event: 124.468 Thread 0x000001cb07f50f40 Uncommon trap: reason=unstable_if action=reinterpret pc=0x000001cab40d2d7c method=java.util.HashMap.getNode(Ljava/lang/Object;)Ljava/util/HashMap$Node; @ 66 c2
Event: 124.468 Thread 0x000001cb07f50f40 DEOPT PACKING pc=0x000001cab40d2d7c sp=0x0000002409bfed60
Event: 124.468 Thread 0x000001cb07f50f40 DEOPT UNPACKING pc=0x000001cab3c36282 sp=0x0000002409bfed00 mode 2
Event: 269.645 Thread 0x000001cac0ef71a0 DEOPT PACKING pc=0x000001caad26287c sp=0x00000024087fd540
Event: 269.646 Thread 0x000001cac0ef8040 DEOPT PACKING pc=0x000001caad26287c sp=0x00000024086fd1a0
Event: 269.647 Thread 0x000001cac0ef8040 DEOPT UNPACKING pc=0x000001cab3b65722 sp=0x00000024086fc618 mode 1
Event: 269.647 Thread 0x000001cac0ef71a0 DEOPT UNPACKING pc=0x000001cab3b65722 sp=0x00000024087fc9b8 mode 1

Classes loaded (20 events):
Event: 119.998 Loading class org/springframework/web/context/request/async/WebAsyncTask done
Event: 123.314 Loading class java/util/concurrent/ConcurrentSkipListMap$SubMap
Event: 123.315 Loading class java/util/concurrent/ConcurrentSkipListMap$SubMap done
Event: 123.316 Loading class java/util/concurrent/ConcurrentSkipListMap$Values
Event: 123.316 Loading class java/util/concurrent/ConcurrentSkipListMap$Values done
Event: 123.316 Loading class java/util/concurrent/ConcurrentSkipListMap$SubMap$SubMapValueIterator
Event: 123.316 Loading class java/util/concurrent/ConcurrentSkipListMap$SubMap$SubMapIter
Event: 123.317 Loading class java/util/concurrent/ConcurrentSkipListMap$SubMap$SubMapIter done
Event: 123.317 Loading class java/util/concurrent/ConcurrentSkipListMap$SubMap$SubMapValueIterator done
Event: 124.463 Loading class io/github/resilience4j/circuitbreaker/internal/CircuitBreakerStateMachine
Event: 124.463 Loading class io/github/resilience4j/circuitbreaker/internal/CircuitBreakerStateMachine done
Event: 124.463 Loading class io/github/resilience4j/circuitbreaker/internal/CircuitBreakerStateMachine$CircuitBreakerState
Event: 124.463 Loading class io/github/resilience4j/circuitbreaker/internal/CircuitBreakerStateMachine$CircuitBreakerState done
Event: 124.466 Loading class io/github/resilience4j/circuitbreaker/internal/CircuitBreakerStateMachine$HalfOpenState
Event: 124.466 Loading class io/github/resilience4j/circuitbreaker/internal/CircuitBreakerStateMachine$HalfOpenState done
Event: 165.489 Loading class io/netty/channel/AbstractChannel$AbstractUnsafe$7
Event: 165.489 Loading class io/netty/channel/AbstractChannel$AbstractUnsafe$7 done
Event: 269.626 Loading class sun/net/ConnectionResetException
Event: 269.641 Loading class sun/net/ConnectionResetException done
Event: 269.689 Loading class sun/net/util/SocketExceptions

Classes unloaded (0 events):
No events

Classes redefined (1 events):
Event: 4.378 Thread 0x000001cac0b894d0 redefined class name=java.lang.Throwable, count=1

Internal exceptions (20 events):
Event: 88.881 Thread 0x000001cb0d557dc0 Exception <a 'java/lang/NoSuchMethodError'{0x000000008ad7c600}: 'java.lang.Object java.lang.invoke.Invokers$Holder.linkToTargetMethod(java.lang.Object, int, java.lang.Object, java.lang.Object, java.lang.Object, java.lang.Object)'> (0x000000008ad7c600) 
thrown [s\open\src\hotspot\share\interpreter\linkResolver.cpp, line 805]
Event: 88.882 Thread 0x000001cb0d557dc0 Exception <a 'java/lang/NoSuchMethodError'{0x000000008ad85178}: 'java.lang.Object java.lang.invoke.DirectMethodHandle$Holder.invokeStatic(java.lang.Object, java.lang.Object, java.lang.Object, int, java.lang.Object, java.lang.Object)'> (0x000000008ad85178) 
thrown [s\open\src\hotspot\share\interpreter\linkResolver.cpp, line 805]
Event: 88.886 Thread 0x000001cb0d557dc0 Exception <a 'java/lang/NoSuchMethodError'{0x000000008adb5c60}: 'java.lang.Object java.lang.invoke.DirectMethodHandle$Holder.newInvokeSpecial(java.lang.Object, java.lang.Object, java.lang.Object, java.lang.Object, int, java.lang.Object)'> (0x000000008adb5c60) 
thrown [s\open\src\hotspot\share\interpreter\linkResolver.cpp, line 805]
Event: 88.887 Thread 0x000001cb0d557dc0 Exception <a 'java/lang/NoSuchMethodError'{0x000000008adbe948}: 'java.lang.Object java.lang.invoke.DirectMethodHandle$Holder.invokeSpecial(java.lang.Object, java.lang.Object, java.lang.Object, java.lang.Object, java.lang.Object, int, java.lang.Object)'> (0x000000008adbe948) 
thrown [s\open\src\hotspot\share\interpreter\linkResolver.cpp, line 805]
Event: 88.887 Thread 0x000001cb0d557dc0 Exception <a 'java/lang/NoSuchMethodError'{0x000000008adc68d0}: 'java.lang.Object java.lang.invoke.Invokers$Holder.linkToTargetMethod(java.lang.Object, java.lang.Object, java.lang.Object, int, java.lang.Object, java.lang.Object)'> (0x000000008adc68d0) 
thrown [s\open\src\hotspot\share\interpreter\linkResolver.cpp, line 805]
Event: 88.909 Thread 0x000001cb0d557dc0 Exception <a 'java/lang/NoSuchMethodError'{0x0000000089825e48}: 'void java.lang.invoke.DirectMethodHandle$Holder.invokeStatic(java.lang.Object, int)'> (0x0000000089825e48) 
thrown [s\open\src\hotspot\share\interpreter\linkResolver.cpp, line 805]
Event: 88.909 Thread 0x000001cb0d557dc0 Exception <a 'java/lang/NoSuchMethodError'{0x000000008982e018}: 'void java.lang.invoke.DirectMethodHandle$Holder.invokeStaticInit(java.lang.Object, int)'> (0x000000008982e018) 
thrown [s\open\src\hotspot\share\interpreter\linkResolver.cpp, line 805]
Event: 88.910 Thread 0x000001cb0d557dc0 Exception <a 'java/lang/NoSuchMethodError'{0x000000008983d560}: 'void java.lang.invoke.DirectMethodHandle$Holder.invokeSpecial(java.lang.Object, java.lang.Object, int)'> (0x000000008983d560) 
thrown [s\open\src\hotspot\share\interpreter\linkResolver.cpp, line 805]
Event: 90.878 Thread 0x000001cb0d551eb0 Exception <a 'java/lang/NoSuchMethodError'{0x00000000897936f8}: 'java.lang.Object java.lang.invoke.DirectMethodHandle$Holder.invokeSpecial(java.lang.Object, java.lang.Object, int, java.lang.Object, long)'> (0x00000000897936f8) 
thrown [s\open\src\hotspot\share\interpreter\linkResolver.cpp, line 805]
Event: 90.879 Thread 0x000001cb0d551eb0 Exception <a 'java/lang/NoSuchMethodError'{0x00000000897a3ce0}: 'java.lang.Object java.lang.invoke.DirectMethodHandle$Holder.newInvokeSpecial(java.lang.Object, java.lang.Object, int, java.lang.Object, long)'> (0x00000000897a3ce0) 
thrown [s\open\src\hotspot\share\interpreter\linkResolver.cpp, line 805]
Event: 97.957 Thread 0x000001cb06cf6750 Implicit null exception at 0x000001cab42de340 to 0x000001cab42de512
Event: 98.004 Thread 0x000001cb06cf6750 Implicit null exception at 0x000001cab41cf697 to 0x000001cab41cfb14
Event: 99.559 Thread 0x000001cb0d551760 Exception <a 'java/lang/NoSuchMethodError'{0x0000000088f321b0}: 'java.lang.Object java.lang.invoke.DirectMethodHandle$Holder.newInvokeSpecial(java.lang.Object, java.lang.Object, java.lang.Object, long)'> (0x0000000088f321b0) 
thrown [s\open\src\hotspot\share\interpreter\linkResolver.cpp, line 805]
Event: 99.559 Thread 0x000001cb0d551760 Exception <a 'java/lang/NoSuchMethodError'{0x0000000088f3aa70}: 'java.lang.Object java.lang.invoke.DirectMethodHandle$Holder.invokeSpecial(java.lang.Object, java.lang.Object, java.lang.Object, java.lang.Object, long)'> (0x0000000088f3aa70) 
thrown [s\open\src\hotspot\share\interpreter\linkResolver.cpp, line 805]
Event: 99.560 Thread 0x000001cb0d551760 Exception <a 'java/lang/NoSuchMethodError'{0x0000000088f42b28}: 'java.lang.Object java.lang.invoke.Invokers$Holder.linkToTargetMethod(java.lang.Object, java.lang.Object, long, java.lang.Object)'> (0x0000000088f42b28) 
thrown [s\open\src\hotspot\share\interpreter\linkResolver.cpp, line 805]
Event: 99.604 Thread 0x000001cb0d551760 Exception <a 'java/lang/NoSuchMethodError'{0x0000000088e524d8}: 'int java.lang.invoke.DirectMethodHandle$Holder.invokeStatic(java.lang.Object, java.lang.Object, int, int)'> (0x0000000088e524d8) 
thrown [s\open\src\hotspot\share\interpreter\linkResolver.cpp, line 805]
Event: 99.632 Thread 0x000001cb0d551760 Exception <a 'java/lang/IncompatibleClassChangeError'{0x0000000088ebaf58}: Found class java.lang.Object, but interface was expected> (0x0000000088ebaf58) 
thrown [s\open\src\hotspot\share\interpreter\linkResolver.cpp, line 872]
Event: 269.645 Thread 0x000001cac0ef71a0 Exception <a 'sun/net/ConnectionResetException'{0x0000000088bc69c8}: Connection reset> (0x0000000088bc69c8) 
thrown [s\open\src\hotspot\share\prims\jni.cpp, line 536]
Event: 269.646 Thread 0x000001cac0ef8040 Exception <a 'sun/net/ConnectionResetException'{0x0000000088bcf3f0}: Connection reset> (0x0000000088bcf3f0) 
thrown [s\open\src\hotspot\share\prims\jni.cpp, line 536]
Event: 269.688 Thread 0x000001cac0ef71a0 Exception <a 'java/net/ConnectException'{0x0000000088bff960}: Connection refused: getsockopt> (0x0000000088bff960) 
thrown [s\open\src\hotspot\share\prims\jni.cpp, line 536]

VM Operations (20 events):
Event: 88.460 Executing VM operation: HandshakeAllThreads (Deoptimize)
Event: 88.460 Executing VM operation: HandshakeAllThreads (Deoptimize) done
Event: 88.820 Executing VM operation: G1CollectForAllocation (G1 Evacuation Pause)
Event: 88.830 Executing VM operation: G1CollectForAllocation (G1 Evacuation Pause) done
Event: 97.927 Executing VM operation: HandshakeAllThreads (Deoptimize)
Event: 97.927 Executing VM operation: HandshakeAllThreads (Deoptimize) done
Event: 99.416 Executing VM operation: HandshakeAllThreads (Deoptimize)
Event: 99.417 Executing VM operation: HandshakeAllThreads (Deoptimize) done
Event: 99.471 Executing VM operation: HandshakeAllThreads (Deoptimize)
Event: 99.471 Executing VM operation: HandshakeAllThreads (Deoptimize) done
Event: 119.971 Executing VM operation: HandshakeAllThreads (Deoptimize)
Event: 119.971 Executing VM operation: HandshakeAllThreads (Deoptimize) done
Event: 120.223 Executing VM operation: HandshakeAllThreads (HandshakeForDeflation)
Event: 120.223 Executing VM operation: HandshakeAllThreads (HandshakeForDeflation) done
Event: 120.223 Executing VM operation: RendezvousGCThreads
Event: 120.223 Executing VM operation: RendezvousGCThreads done
Event: 196.038 Executing VM operation: ChangeBreakpoints
Event: 196.038 Executing VM operation: ChangeBreakpoints done
Event: 196.038 Executing VM operation: ChangeBreakpoints
Event: 196.038 Executing VM operation: ChangeBreakpoints done

Memory protections (0 events):
No events

Nmethod flushes (20 events):
Event: 27.365 Thread 0x000001cac0b894d0 flushing  nmethod 0x000001cab4351588
Event: 27.365 Thread 0x000001cac0b894d0 flushing  nmethod 0x000001cab43a0b08
Event: 27.365 Thread 0x000001cac0b894d0 flushing  nmethod 0x000001cab446fe88
Event: 27.365 Thread 0x000001cac0b894d0 flushing osr nmethod 0x000001caac8c0688
Event: 27.365 Thread 0x000001cac0b894d0 flushing  nmethod 0x000001caacb64d88
Event: 27.365 Thread 0x000001cac0b894d0 flushing  nmethod 0x000001caacb65a88
Event: 27.365 Thread 0x000001cac0b894d0 flushing  nmethod 0x000001caacf84308
Event: 27.365 Thread 0x000001cac0b894d0 flushing  nmethod 0x000001cab4300688
Event: 27.365 Thread 0x000001cac0b894d0 flushing  nmethod 0x000001cab4454288
Event: 27.365 Thread 0x000001cac0b894d0 flushing  nmethod 0x000001caac6b4888
Event: 27.365 Thread 0x000001cac0b894d0 flushing  nmethod 0x000001caacb1d608
Event: 27.365 Thread 0x000001cac0b894d0 flushing  nmethod 0x000001caacbb5208
Event: 27.365 Thread 0x000001cac0b894d0 flushing  nmethod 0x000001caacebad88
Event: 27.365 Thread 0x000001cac0b894d0 flushing  nmethod 0x000001cab40c9008
Event: 27.365 Thread 0x000001cac0b894d0 flushing  nmethod 0x000001cab41bac08
Event: 27.365 Thread 0x000001cac0b894d0 flushing  nmethod 0x000001cab43b2488
Event: 27.365 Thread 0x000001cac0b894d0 flushing  nmethod 0x000001caacb75708
Event: 27.365 Thread 0x000001cac0b894d0 flushing  nmethod 0x000001caacfc4888
Event: 27.365 Thread 0x000001cac0b894d0 flushing  nmethod 0x000001cab436e308
Event: 27.365 Thread 0x000001cac0b894d0 flushing  nmethod 0x000001caac8a5708

Events (20 events):
Event: 90.881 Thread 0x000001cb0d551eb0 Thread added: 0x000001cb0d556f20
Event: 91.382 Thread 0x000001cb0d556f20 Thread added: 0x000001cb0d55dcd0
Event: 91.382 Thread 0x000001cb0d556f20 Thread added: 0x000001cb0d55b840
Event: 94.384 Thread 0x000001cb0d551eb0 Thread added: 0x000001cb0d55ce30
Event: 94.885 Thread 0x000001cb0d556f20 Thread added: 0x000001cb0d55d580
Event: 94.885 Thread 0x000001cb0d556f20 Thread added: 0x000001cb0d55bf90
Event: 99.610 Thread 0x000001cac0bc5420 Thread added: 0x000001cb0aaa61c0
Event: 101.462 Thread 0x000001cb0aaa61c0 Thread exited: 0x000001cb0aaa61c0
Event: 112.922 Thread 0x000001cb0b98eb50 Thread added: 0x000001cb0d55e420
Event: 115.924 Thread 0x000001cb0d551eb0 Thread added: 0x000001cb0d55f2c0
Event: 116.427 Thread 0x000001cb0d55ce30 Thread added: 0x000001cac0ef8ee0
Event: 119.463 Thread 0x000001cb0d55bf90 Thread added: 0x000001cb07f50f40
Event: 119.465 Thread 0x000001cb0d55bf90 Thread added: 0x000001cb07f500a0
Event: 119.987 Thread 0x000001cac0bc5420 Thread added: 0x000001cb0aaa61c0
Event: 122.959 Thread 0x000001cb0aaa61c0 Thread exited: 0x000001cb0aaa61c0
Event: 186.468 Thread 0x000001cb0d55dcd0 Thread exited: 0x000001cb0d55dcd0
Event: 186.489 Thread 0x000001cb0d55d580 Thread exited: 0x000001cb0d55d580
Event: 186.509 Thread 0x000001cb0d551760 Thread exited: 0x000001cb0d551760
Event: 196.034 Thread 0x000001cac0e021a0 Thread exited: 0x000001cac0e021a0
Event: 196.331 Thread 0x000001cac0e2f8f0 Thread exited: 0x000001cac0e2f8f0


Dynamic libraries:
0x00007ff6fb4b0000 - 0x00007ff6fb4c0000 	C:\Program Files\Java\jdk-24\bin\java.exe
0x00007fff35040000 - 0x00007fff352a8000 	C:\WINDOWS\SYSTEM32\ntdll.dll
0x00007fff33990000 - 0x00007fff33a59000 	C:\WINDOWS\System32\KERNEL32.DLL
0x00007fff32260000 - 0x00007fff32652000 	C:\WINDOWS\System32\KERNELBASE.dll
0x00007fff32660000 - 0x00007fff327ab000 	C:\WINDOWS\System32\ucrtbase.dll
0x00007fff20650000 - 0x00007fff2066b000 	C:\Program Files\Java\jdk-24\bin\VCRUNTIME140.dll
0x00007fff206c0000 - 0x00007fff206d6000 	C:\Program Files\Java\jdk-24\bin\jli.dll
0x00007fff34b40000 - 0x00007fff34d05000 	C:\WINDOWS\System32\USER32.dll
0x00007fff32b40000 - 0x00007fff32b67000 	C:\WINDOWS\System32\win32u.dll
0x00007fff32e90000 - 0x00007fff32ebb000 	C:\WINDOWS\System32\GDI32.dll
0x00007fff1d7d0000 - 0x00007fff1da63000 	C:\WINDOWS\WinSxS\amd64_microsoft.windows.common-controls_6595b64144ccf1df_6.0.26100.6899_none_3e0efeeae32e88c1\COMCTL32.dll
0x00007fff32b70000 - 0x00007fff32c9d000 	C:\WINDOWS\System32\gdi32full.dll
0x00007fff34db0000 - 0x00007fff34e59000 	C:\WINDOWS\System32\msvcrt.dll
0x00007fff32ca0000 - 0x00007fff32d43000 	C:\WINDOWS\System32\msvcp_win.dll
0x00007fff33950000 - 0x00007fff3397f000 	C:\WINDOWS\System32\IMM32.DLL
0x00007fff2a520000 - 0x00007fff2a52c000 	C:\Program Files\Java\jdk-24\bin\vcruntime140_1.dll
0x00007fff20510000 - 0x00007fff2059e000 	C:\Program Files\Java\jdk-24\bin\msvcp140.dll
0x00007ffea1460000 - 0x00007ffea2202000 	C:\Program Files\Java\jdk-24\bin\server\jvm.dll
0x00007fff336b0000 - 0x00007fff33764000 	C:\WINDOWS\System32\ADVAPI32.dll
0x00007fff33770000 - 0x00007fff33816000 	C:\WINDOWS\System32\sechost.dll
0x00007fff32fa0000 - 0x00007fff330b8000 	C:\WINDOWS\System32\RPCRT4.dll
0x00007fff32e10000 - 0x00007fff32e84000 	C:\WINDOWS\System32\WS2_32.dll
0x00007fff32030000 - 0x00007fff3208e000 	C:\WINDOWS\SYSTEM32\POWRPROF.dll
0x00007fff2ad00000 - 0x00007fff2ad0b000 	C:\WINDOWS\SYSTEM32\VERSION.dll
0x00007fff1db40000 - 0x00007fff1db75000 	C:\WINDOWS\SYSTEM32\WINMM.dll
0x00007fff32010000 - 0x00007fff32024000 	C:\WINDOWS\SYSTEM32\UMPDC.dll
0x00007fff30f60000 - 0x00007fff30f7b000 	C:\WINDOWS\SYSTEM32\kernel.appcore.dll
0x00007fff204b0000 - 0x00007fff204ba000 	C:\Program Files\Java\jdk-24\bin\jimage.dll
0x00007fff2f4e0000 - 0x00007fff2f722000 	C:\WINDOWS\SYSTEM32\DBGHELP.DLL
0x00007fff33330000 - 0x00007fff336ab000 	C:\WINDOWS\System32\combase.dll
0x00007fff32ec0000 - 0x00007fff32f97000 	C:\WINDOWS\System32\OLEAUT32.dll
0x00007fff1b2e0000 - 0x00007fff1b31c000 	C:\WINDOWS\SYSTEM32\dbgcore.DLL
0x00007fff32aa0000 - 0x00007fff32b38000 	C:\WINDOWS\System32\bcryptPrimitives.dll
0x00007fff0eb20000 - 0x00007fff0eb5c000 	C:\Program Files\Java\jdk-24\bin\jdwp.dll
0x00007fff143d0000 - 0x00007fff143df000 	C:\Program Files\Java\jdk-24\bin\instrument.dll
0x00007fff164d0000 - 0x00007fff164ee000 	C:\Program Files\Java\jdk-24\bin\java.dll
0x00007fff34e60000 - 0x00007fff34ff8000 	C:\WINDOWS\System32\ole32.dll
0x00007fff34240000 - 0x00007fff3498d000 	C:\WINDOWS\System32\SHELL32.dll
0x00007fff327b0000 - 0x00007fff3291b000 	C:\WINDOWS\System32\wintypes.dll
0x00007fff13bb0000 - 0x00007fff13bc7000 	C:\Program Files\Java\jdk-24\bin\zip.dll
0x00007fff2fde0000 - 0x00007fff3063d000 	C:\WINDOWS\SYSTEM32\windows.storage.dll
0x00007fff33ef0000 - 0x00007fff33fe2000 	C:\WINDOWS\System32\SHCORE.dll
0x00007fff34990000 - 0x00007fff349f2000 	C:\WINDOWS\System32\shlwapi.dll
0x00007fff320f0000 - 0x00007fff32119000 	C:\WINDOWS\SYSTEM32\profapi.dll
0x00007ffeea020000 - 0x00007ffeea0f7000 	C:\Program Files\Java\jdk-24\bin\jsvml.dll
0x00007fff13e90000 - 0x00007fff13e9c000 	C:\Program Files\Java\jdk-24\bin\dt_socket.dll
0x00007fff309b0000 - 0x00007fff309e4000 	C:\WINDOWS\SYSTEM32\IPHLPAPI.DLL
0x00007fff314b0000 - 0x00007fff3151b000 	C:\WINDOWS\system32\mswsock.dll
0x00007fff204a0000 - 0x00007fff204b0000 	C:\Program Files\Java\jdk-24\bin\net.dll
0x00007fff151e0000 - 0x00007fff151f6000 	C:\Program Files\Java\jdk-24\bin\nio.dll
0x00007fff33ff0000 - 0x00007fff33ffa000 	C:\WINDOWS\System32\NSI.dll
0x00007fff30a50000 - 0x00007fff30b76000 	C:\WINDOWS\SYSTEM32\DNSAPI.dll
0x00007fff2b5b0000 - 0x00007fff2b5bb000 	C:\Windows\System32\rasadhlp.dll
0x00007fff2dfb0000 - 0x00007fff2e036000 	C:\WINDOWS\System32\fwpuclnt.dll
0x00007fff13ba0000 - 0x00007fff13bae000 	C:\Program Files\Java\jdk-24\bin\sunmscapi.dll
0x00007fff32920000 - 0x00007fff32a97000 	C:\WINDOWS\System32\CRYPT32.dll
0x00007fff319e0000 - 0x00007fff31a10000 	C:\WINDOWS\SYSTEM32\ncrypt.dll
0x00007fff31990000 - 0x00007fff319cf000 	C:\WINDOWS\SYSTEM32\NTASN1.dll
0x00007fff31890000 - 0x00007fff318ab000 	C:\WINDOWS\SYSTEM32\CRYPTSP.dll
0x00007fff30ec0000 - 0x00007fff30efb000 	C:\WINDOWS\system32\rsaenh.dll
0x00007fff31550000 - 0x00007fff3157b000 	C:\WINDOWS\SYSTEM32\USERENV.dll
0x00007fff320c0000 - 0x00007fff320e6000 	C:\WINDOWS\SYSTEM32\bcrypt.dll
0x00007fff31870000 - 0x00007fff3187c000 	C:\WINDOWS\SYSTEM32\CRYPTBASE.dll
0x00007fff11330000 - 0x00007fff1133a000 	C:\Program Files\Java\jdk-24\bin\management.dll
0x00007fff11320000 - 0x00007fff1132b000 	C:\Program Files\Java\jdk-24\bin\management_ext.dll
0x00007fff33140000 - 0x00007fff33148000 	C:\WINDOWS\System32\PSAPI.DLL
0x00007fff112f0000 - 0x00007fff11300000 	C:\Program Files\Java\jdk-24\bin\verify.dll
0x00007fff11340000 - 0x00007fff11349000 	C:\Program Files\Java\jdk-24\bin\extnet.dll
0x00007fff05860000 - 0x00007fff05868000 	C:\WINDOWS\system32\wshunix.dll
0x00007fff1de20000 - 0x00007fff1de38000 	C:\WINDOWS\system32\napinsp.dll
0x00007fff1dda0000 - 0x00007fff1ddb2000 	C:\WINDOWS\System32\winrnr.dll
0x00007fff1de40000 - 0x00007fff1de68000 	C:\WINDOWS\system32\nlansp_c.dll
0x00007fff1dd10000 - 0x00007fff1dd26000 	C:\WINDOWS\system32\wshbth.dll
0x00007fff2cb00000 - 0x00007fff2cb1e000 	C:\WINDOWS\SYSTEM32\dhcpcsvc6.DLL
0x00007fff2cac0000 - 0x00007fff2cae3000 	C:\WINDOWS\SYSTEM32\dhcpcsvc.DLL

JVMTI agents:
jdwp path:C:\Program Files\Java\jdk-24\bin\jdwp.dll, loaded, initialized, options:transport=dt_socket,address=127.0.0.1:58293,suspend=y,server=n
C:\Users\TECHGI~1\AppData\Local\Temp\captureAgent2jars\debugger-agent.jar path:C:\Program Files\Java\jdk-24\bin\instrument.dll, loaded, initialized, instrumentlib options:file:///C:/Users/TECHGI~1/AppData/Local/Temp/capture1653611107650854163.props

dbghelp: loaded successfully - version: 4.0.5 - missing functions: none
symbol engine: initialized successfully - sym options: 0x614 - pdb path: .;C:\Program Files\Java\jdk-24\bin;C:\WINDOWS\SYSTEM32;C:\WINDOWS\WinSxS\amd64_microsoft.windows.common-controls_6595b64144ccf1df_6.0.26100.6899_none_3e0efeeae32e88c1;C:\Program Files\Java\jdk-24\bin\server

VM Arguments:
jvm_args: -agentlib:jdwp=transport=dt_socket,address=127.0.0.1:58293,suspend=y,server=n -javaagent:C:\Users\TECHGI~1\AppData\Local\Temp\captureAgent2jars\debugger-agent.jar=file:///C:/Users/TECHGI~1/AppData/Local/Temp/capture1653611107650854163.props -Dkotlinx.coroutines.debug.enable.creation.stack.trace=false -Ddebugger.agent.enable.coroutines=true -Dkotlinx.coroutines.debug.enable.flows.stack.trace=true -Dkotlinx.coroutines.debug.enable.mutable.state.flows.stack.trace=true -Dfile.encoding=UTF-8 -Dsun.stdout.encoding=UTF-8 -Dsun.stderr.encoding=UTF-8 
java_command: com.programmingSpaceX.orderService.OrderServiceApplication
java_class_path (initial): G:\Project\workspace\eccommence-project\order-service\target\classes;C:\Users\TECH GIANTS PLUS\.m2\repository\org\springframework\boot\spring-boot-starter-data-jpa\3.5.5\spring-boot-starter-data-jpa-3.5.5.jar;C:\Users\TECH GIANTS PLUS\.m2\repository\org\springframework\boot\spring-boot-starter\3.5.5\spring-boot-starter-3.5.5.jar;C:\Users\TECH GIANTS PLUS\.m2\repository\org\springframework\boot\spring-boot\3.5.5\spring-boot-3.5.5.jar;C:\Users\TECH GIANTS PLUS\.m2\repository\org\springframework\boot\spring-boot-autoconfigure\3.5.5\spring-boot-autoconfigure-3.5.5.jar;C:\Users\TECH GIANTS PLUS\.m2\repository\org\springframework\boot\spring-boot-starter-logging\3.5.5\spring-boot-starter-logging-3.5.5.jar;C:\Users\TECH GIANTS PLUS\.m2\repository\ch\qos\logback\logback-classic\1.5.18\logback-classic-1.5.18.jar;C:\Users\TECH GIANTS PLUS\.m2\repository\ch\qos\logback\logback-core\1.5.18\logback-core-1.5.18.jar;C:\Users\TECH GIANTS PLUS\.m2\repository\org\apache\logging\log4j\log4j-to-slf4j\2.24.3\log4j-to-slf4j-2.24.3.jar;C:\Users\TECH GIANTS PLUS\.m2\repository\org\apache\logging\log4j\log4j-api\2.24.3\log4j-api-2.24.3.jar;C:\Users\TECH GIANTS PLUS\.m2\repository\org\slf4j\jul-to-slf4j\2.0.17\jul-to-slf4j-2.0.17.jar;C:\Users\TECH GIANTS PLUS\.m2\repository\jakarta\annotation\jakarta.annotation-api\2.1.1\jakarta.annotation-api-2.1.1.jar;C:\Users\TECH GIANTS PLUS\.m2\repository\org\yaml\snakeyaml\2.4\snakeyaml-2.4.jar;C:\Users\TECH GIANTS PLUS\.m2\repository\org\springframework\boot\spring-boot-starter-jdbc\3.5.5\spring-boot-starter-jdbc-3.5.5.jar;C:\Users\TECH GIANTS PLUS\.m2\repository\com\zaxxer\HikariCP\6.3.2\HikariCP-6.3.2.jar;C:\Users\TECH GIANTS PLUS\.m2\repository\org\springframework\spring-jdbc\6.2.10\spring-jdbc-6.2.10.jar;C:\Users\TECH GIANTS PLUS\.m2\repository\org\hibernate\orm\hibernate-core\6.6.26.Final\hibernate-core-6.6.26.Final.jar;C:\Users\TECH GIANTS PLUS\.m2\repository\jakarta\persistence\jakarta.persistence-api\3.1.0\jakarta.persistence-api-3.1.0.jar;C:\Users\TECH GIANTS PLUS\.m2\repository\jakarta\transaction\jakarta.transaction-api\2.0.1\jakarta.transaction-api-2.0.1.jar;C:\Users\TECH GIANTS PLUS\.m2\repository\org\jboss\logging\jboss-logging\3.6.1.Final\jboss-logging-3.6.1.Final.jar;C:\Users\TECH GIANTS PLUS\.m2\repository\org\hibernate\common\hibernate-commons-annotations\7.0.3.Final\hibernate-commons-annotations-7.0.3.Final.jar;C:\Users\TECH GIANTS PLUS\.m2\repository\io\smallrye\jandex\3.2.0\jandex-3.2.0.jar;C:\Users\TECH GIANTS PLUS\.m2\repository\com\fasterxml\classmate\1.7.0\classmate-1.7.0.jar;C:\Users\TECH GIANTS PLUS\.m2\repository\net\bytebuddy\byte-buddy\1.17.7\byte-buddy-1.17.7.jar;C:\Users\TECH GIANTS PLUS\.m2\repository\org\glassfish\jaxb\jaxb-runtime\4.0.5\jaxb-runtime-4.0.5.jar;C:\Users\TECH GIANTS PLUS\.m2\repository\org\glassfish\jaxb\jaxb-core\4.0.5\jaxb-core-4.0.5.jar;C:\Users\TECH GIANTS PLUS\.m2\repository\org\eclipse\angus\angus-activation\2.0.2\angus-activation-2.0.2.jar;C:\Users\TECH GIANTS PLUS\.m2\repository\org\glassfish\jaxb\txw2\4.0.5\txw2-4.0.5.jar;C:\Users\TECH GIANTS PLUS\.m2\repository\com\sun\istack\istack-commons-runtime\4.1.2\istack-commons-runtime-4.1.2.jar;C:\Users\TECH GIANTS PLUS\.m2\repository\jakarta\inject\jakarta.inject-api\2.0.1\jakarta.inject-api-2.0.1.jar;C:\Users\TECH GIANTS PLUS\.m2\repository\org\antlr\antlr4-runtime\4.13.0\antlr4-runtime-4.13.0.jar;C:\Users\TECH GIANTS PLUS\.m2\repository\org\springframework\data\spring-data-jpa\3.5.3\spring-data-jpa-3.5.3.jar;C:\Users\TECH GIANTS PLUS\.m2\repository\org\springframework\data\spring-data-commons\3.5.3\spring-data-commons-3.5.3.jar;C:\Users\TECH GIANTS PLUS\.m2\repository\org\springframework\spring-orm\6.2.10\spring-orm-6.2.10.jar;C:\Users\TECH GIANTS PLUS\.m2\repository\org\springframework\spring-context\6.2.10\spring-context-6.2.10.jar;C:\Users\TECH GIANTS PLUS\.m2\repository\org\springframework\spring-aop\6.2.10\spring-aop-6.2.10.jar;C:\Users\TECH GIANTS PLUS\.m2\repository\org\springframework\spring-tx\6.2.10\spring-tx-6.2.10.jar;C:\Users\TECH GIANTS PLUS\.m2\repository\org\springframework\spring-beans\6.2.10\spring-beans-6.2.10.jar;C:\Users\TECH GIANTS PLUS\.m2\repository\org\slf4j\slf4j-api\2.0.17\slf4j-api-2.0.17.jar;C:\Users\TECH GIANTS PLUS\.m2\repository\org\springframework\spring-aspects\6.2.10\spring-aspects-6.2.10.jar;C:\Users\TECH GIANTS PLUS\.m2\repository\org\aspectj\aspectjweaver\1.9.24\aspectjweaver-1.9.24.jar;C:\Users\TECH GIANTS PLUS\.m2\repository\org\springframework\boot\spring-boot-starter-web\3.5.5\spring-boot-starter-web-3.5.5.jar;C:\Users\TECH GIANTS PLUS\.m2\repository\org\springframework\boot\spring-boot-starter-json\3.5.5\spring-boot-starter-json-3.5.5.jar;C:\Users\TECH GIANTS PLUS\.m2\repository\com\fasterxml\jackson\core\jackson-databind\2.19.2\jackson-databind-2.19.2.jar;C:\Users\TECH GIANTS PLUS\.m2\repository\com\fasterxml\jackson\datatype\jackson-datatype-jdk8\2.19.2\jackson-datatype-jdk8-2.19.2.jar;C:\Users\TECH GIANTS PLUS\.m2\repository\com\fasterxml\jackson\datatype\jackson-datatype-jsr310\2.19.2\jackson-datatype-jsr310-2.19.2.jar;C:\Users\TECH GIANTS PLUS\.m2\repository\com\fasterxml\jackson\module\jackson-module-parameter-names\2.19.2\jackson-module-parameter-names-2.19.2.jar;C:\Users\TECH GIANTS PLUS\.m2\repository\org\springframework\boot\spring-boot-starter-tomcat\3.5.5\spring-boot-starter-tomcat-3.5.5.jar;C:\Users\TECH GIANTS PLUS\.m2\repository\org\apache\tomcat\embed\tomcat-embed-core\10.1.44\tomcat-embed-core-10.1.44.jar;C:\Users\TECH GIANTS PLUS\.m2\repository\org\apache\tomcat\embed\tomcat-embed-el\10.1.44\tomcat-embed-el-10.1.44.jar;C:\Users\TECH GIANTS PLUS\.m2\repository\org\apache\tomcat\embed\tomcat-embed-websocket\10.1.44\tomcat-embed-websocket-10.1.44.jar;C:\Users\TECH GIANTS PLUS\.m2\repository\org\springframework\spring-web\6.2.10\spring-web-6.2.10.jar;C:\Users\TECH GIANTS PLUS\.m2\repository\org\springframework\spring-webmvc\6.2.10\spring-webmvc-6.2.10.jar;C:\Users\TECH GIANTS PLUS\.m2\repository\org\springframework\spring-expression\6.2.10\spring-expression-6.2.10.jar;C:\Users\TECH GIANTS PLUS\.m2\repository\org\springframework\boot\spring-boot-starter-webflux\3.5.5\spring-boot-starter-webflux-3.5.5.jar;C:\Users\TECH GIANTS PLUS\.m2\repository\org\springframework\boot\spring-boot-starter-reactor-netty\3.5.5\spring-boot-starter-reactor-netty-3.5.5.jar;C:\Users\TECH GIANTS PLUS\.m2\repository\io\projectreactor\netty\reactor-netty-http\1.2.9\reactor-netty-http-1.2.9.jar;C:\Users\TECH GIANTS PLUS\.m2\repository\io\netty\netty-codec-http\4.1.124.Final\netty-codec-http-4.1.124.Final.jar;C:\Users\TECH GIANTS PLUS\.m2\repository\io\netty\netty-common\4.1.124.Final\netty-common-4.1.124.Final.jar;C:\Users\TECH GIANTS PLUS\.m2\repository\io\netty\netty-buffer\4.1.124.Final\netty-buffer-4.1.124.Final.jar;C:\Users\TECH GIANTS PLUS\.m2\repository\io\netty\netty-transport\4.1.124.Final\netty-transport-4.1.124.Final.jar;C:\Users\TECH GIANTS PLUS\.m2\repository\io\netty\netty-codec\4.1.124.Final\netty-codec-4.1.124.Final.jar;C:\Users\TECH GIANTS PLUS\.m2\repository\io\netty\netty-handler\4.1.124.Final\netty-handler-4.1.124.Final.jar;C:\Users\TECH GIANTS PLUS\.m2\repository\io\netty\netty-codec-http2\4.1.124.Final\netty-codec-http2-4.1.124.Final.jar;C:\Users\TECH GIANTS PLUS\.m2\repository\io\netty\netty-resolver-dns\4.1.124.Final\netty-resolver-dns-4.1.124.Final.jar;C:\Users\TECH GIANTS PLUS\.m2\repository\io\netty\netty-resolver\4.1.124.Final\netty-resolver-4.1.124.Final.jar;C:\Users\TECH GIANTS PLUS\.m2\repository\io\netty\netty-codec-dns\4.1.124.Final\netty-codec-dns-4.1.124.Final.jar;C:\Users\TECH GIANTS PLUS\.m2\repository\io\netty\netty-resolver-dns-native-macos\4.1.124.Final\netty-resolver-dns-native-macos-4.1.124.Final-osx-x86_64.jar;C:\Users\TECH GIANTS PLUS\.m2\repository\io\netty\netty-resolver-dns-classes-macos\4.1.124.Final\netty-resolver-dns-classes-macos-4.1.124.Final.jar;C:\Users\TECH GIANTS PLUS\.m2\repository\io\netty\netty-transport-native-epoll\4.1.124.Final\netty-transport-native-epoll-4.1.124.Final-linux-x86_64.jar;C:\Users\TECH GIANTS PLUS\.m2\repository\io\netty\netty-transport-native-unix-common\4.1.124.Final\netty-transport-native-unix-common-4.1.124.Final.jar;C:\Users\TECH GIANTS PLUS\.m2\repository\io\netty\netty-transport-classes-epoll\4.1.124.Final\netty-transport-classes-epoll-4.1.124.Final.jar;C:\Users\TECH GIANTS PLUS\.m2\repository\io\projectreactor\netty\reactor-netty-core\1.2.9\reactor-netty-core-1.2.9.jar;C:\Users\TECH GIANTS PLUS\.m2\repository\io\netty\netty-handler-proxy\4.1.124.Final\netty-handler-proxy-4.1.124.Final.jar;C:\Users\TECH GIANTS PLUS\.m2\repository\io\netty\netty-codec-socks\4.1.124.Final\netty-codec-socks-4.1.124.Final.jar;C:\Users\TECH GIANTS PLUS\.m2\repository\org\springframework\spring-webflux\6.2.10\spring-webflux-6.2.10.jar;C:\Users\TECH GIANTS PLUS\.m2\repository\io\projectreactor\reactor-core\3.7.9\reactor-core-3.7.9.jar;C:\Users\TECH GIANTS PLUS\.m2\repository\org\reactivestreams\reactive-streams\1.0.4\reactive-streams-1.0.4.jar;C:\Users\TECH GIANTS PLUS\.m2\repository\org\postgresql\postgresql\42.7.7\postgresql-42.7.7.jar;C:\Users\TECH GIANTS PLUS\.m2\repository\org\checkerframework\checker-qual\3.49.3\checker-qual-3.49.3.jar;C:\Users\TECH GIANTS PLUS\.m2\repository\org\projectlombok\lombok\1.18.38\lombok-1.18.38.jar;C:\Users\TECH GIANTS PLUS\.m2\repository\jakarta\xml\bind\jakarta.xml.bind-api\4.0.2\jakarta.xml.bind-api-4.0.2.jar;C:\Users\TECH GIANTS PLUS\.m2\repository\jakarta\activation\jakarta.activation-api\2.1.3\jakarta.activation-api-2.1.3.jar;C:\Users\TECH GIANTS PLUS\.m2\repository\org\springframework\spring-core\6.2.10\spring-core-6.2.10.jar;C:\Users\TECH GIANTS PLUS\.m2\repository\org\springframework\spring-jcl\6.2.10\spring-jcl-6.2.10.jar;C:\Users\TECH GIANTS PLUS\.m2\repository\org\springframework\cloud\spring-cloud-starter-netflix-eureka-client\4.3.0\spring-cloud-starter-netflix-eureka-client-4.3.0.jar;C:\Users\TECH GIANTS PLUS\.m2\repository\org\springframework\cloud\spring-cloud-starter\4.3.0\spring-cloud-starter-4.3.0.jar;C:\Users\TECH GIANTS PLUS\.m2\repository\org\springframework\cloud\spring-cloud-context\4.3.0\spring-cloud-context-4.3.0.jar;C:\Users\TECH GIANTS PLUS\.m2\repository\org\springframework\security\spring-security-crypto\6.5.3\spring-security-crypto-6.5.3.jar;C:\Users\TECH GIANTS PLUS\.m2\repository\org\springframework\cloud\spring-cloud-commons\4.3.0\spring-cloud-commons-4.3.0.jar;C:\Users\TECH GIANTS PLUS\.m2\repository\org\bouncycastle\bcprov-jdk18on\1.80\bcprov-jdk18on-1.80.jar;C:\Users\TECH GIANTS PLUS\.m2\repository\org\springframework\cloud\spring-cloud-netflix-eureka-client\4.3.0\spring-cloud-netflix-eureka-client-4.3.0.jar;C:\Users\TECH GIANTS PLUS\.m2\repository\org\apache\httpcomponents\client5\httpclient5\5.5\httpclient5-5.5.jar;C:\Users\TECH GIANTS PLUS\.m2\repository\org\apache\httpcomponents\core5\httpcore5\5.3.4\httpcore5-5.3.4.jar;C:\Users\TECH GIANTS PLUS\.m2\repository\org\apache\httpcomponents\core5\httpcore5-h2\5.3.4\httpcore5-h2-5.3.4.jar;C:\Users\TECH GIANTS PLUS\.m2\repository\com\netflix\eureka\eureka-client\2.0.4\eureka-client-2.0.4.jar;C:\Users\TECH GIANTS PLUS\.m2\repository\com\thoughtworks\xstream\xstream\1.4.20\xstream-1.4.20.jar;C:\Users\TECH GIANTS PLUS\.m2\repository\io\github\x-stream\mxparser\1.2.2\mxparser-1.2.2.jar;C:\Users\TECH GIANTS PLUS\.m2\repository\xmlpull\xmlpull\1.1.3.1\xmlpull-1.1.3.1.jar;C:\Users\TECH GIANTS PLUS\.m2\repository\jakarta\ws\rs\jakarta.ws.rs-api\3.1.0\jakarta.ws.rs-api-3.1.0.jar;C:\Users\TECH GIANTS PLUS\.m2\repository\com\netflix\spectator\spectator-api\1.7.3\spectator-api-1.7.3.jar;C:\Users\TECH GIANTS PLUS\.m2\repository\org\apache\httpcomponents\httpclient\4.5.3\httpclient-4.5.3.jar;C:\Users\TECH GIANTS PLUS\.m2\repository\org\apache\httpcomponents\httpcore\4.4.16\httpcore-4.4.16.jar;C:\Users\TECH GIANTS PLUS\.m2\repository\commons-codec\commons-codec\1.18.0\commons-codec-1.18.0.jar;C:\Users\TECH GIANTS PLUS\.m2\repository\commons-configuration\commons-configuration\1.10\commons-configuration-1.10.jar;C:\Users\TECH GIANTS PLUS\.m2\repository\commons-lang\commons-lang\2.6\commons-lang-2.6.jar;C:\Users\TECH GIANTS PLUS\.m2\repository\com\fasterxml\jackson\core\jackson-annotations\2.19.2\jackson-annotations-2.19.2.jar;C:\Users\TECH GIANTS PLUS\.m2\repository\com\fasterxml\jackson\core\jackson-core\2.19.2\jackson-core-2.19.2.jar;C:\Users\TECH GIANTS PLUS\.m2\repository\com\netflix\netflix-commons\netflix-eventbus\0.3.0\netflix-eventbus-0.3.0.jar;C:\Users\TECH GIANTS PLUS\.m2\repository\com\netflix\netflix-commons\netflix-infix\0.3.0\netflix-infix-0.3.0.jar;C:\Users\TECH GIANTS PLUS\.m2\repository\commons-jxpath\commons-jxpath\1.3\commons-jxpath-1.3.jar;C:\Users\TECH GIANTS PLUS\.m2\repository\joda-time\joda-time\2.3\joda-time-2.3.jar;C:\Users\TECH GIANTS PLUS\.m2\repository\org\antlr\antlr-runtime\3.4\antlr-runtime-3.4.jar;C:\Users\TECH GIANTS PLUS\.m2\repository\org\antlr\stringtemplate\3.2.1\stringtemplate-3.2.1.jar;C:\Users\TECH GIANTS PLUS\.m2\repository\antlr\antlr\2.7.7\antlr-2.7.7.jar;C:\Users\TECH GIANTS PLUS\.m2\repository\com\google\guava\guava\14.0.1\guava-14.0.1.jar;C:\Users\TECH GIANTS PLUS\.m2\repository\com\google\code\gson\gson\2.13.1\gson-2.13.1.jar;C:\Users\TECH GIANTS PLUS\.m2\repository\com\google\errorprone\error_prone_annotations\2.38.0\error_prone_annotations-2.38.0.jar;C:\Users\TECH GIANTS PLUS\.m2\repository\com\netflix\servo\servo-core\0.5.3\servo-core-0.5.3.jar;C:\Users\TECH GIANTS PLUS\.m2\repository\org\apache\commons\commons-math\2.2\commons-math-2.2.jar;C:\Users\TECH GIANTS PLUS\.m2\repository\javax\annotation\javax.annotation-api\1.2\javax.annotation-api-1.2.jar;C:\Users\TECH GIANTS PLUS\.m2\repository\org\codehaus\jettison\jettison\1.5.4\jettison-1.5.4.jar;C:\Users\TECH GIANTS PLUS\.m2\repository\org\springframework\cloud\spring-cloud-starter-loadbalancer\4.3.0\spring-cloud-starter-loadbalancer-4.3.0.jar;C:\Users\TECH GIANTS PLUS\.m2\repository\org\springframework\cloud\spring-cloud-loadbalancer\4.3.0\spring-cloud-loadbalancer-4.3.0.jar;C:\Users\TECH GIANTS PLUS\.m2\repository\io\projectreactor\addons\reactor-extra\3.5.2\reactor-extra-3.5.2.jar;C:\Users\TECH GIANTS PLUS\.m2\repository\org\springframework\boot\spring-boot-starter-cache\3.5.5\spring-boot-starter-cache-3.5.5.jar;C:\Users\TECH GIANTS PLUS\.m2\repository\org\springframework\spring-context-support\6.2.10\spring-context-support-6.2.10.jar;C:\Users\TECH GIANTS PLUS\.m2\repository\com\stoyanr\evictor\1.0.0\evictor-1.0.0.jar;C:\Users\TECH GIANTS PLUS\.m2\repository\org\springframework\cloud\spring-cloud-starter-circuitbreaker-resilience4j\3.3.0\spring-cloud-starter-circuitbreaker-resilience4j-3.3.0.jar;C:\Users\TECH GIANTS PLUS\.m2\repository\org\springframework\cloud\spring-cloud-circuitbreaker-resilience4j\3.3.0\spring-cloud-circuitbreaker-resilience4j-3.3.0.jar;C:\Users\TECH GIANTS PLUS\.m2\repository\io\github\resilience4j\resilience4j-spring-boot3\2.2.0\resilience4j-spring-boot3-2.2.0.jar;C:\Users\TECH GIANTS PLUS\.m2\repository\io\github\resilience4j\resilience4j-spring6\2.2.0\resilience4j-spring6-2.2.0.jar;C:\Users\TECH GIANTS PLUS\.m2\repository\io\github\resilience4j\resilience4j-annotations\2.2.0\resilience4j-annotations-2.2.0.jar;C:\Users\TECH GIANTS PLUS\.m2\repository\io\github\resilience4j\resilience4j-consumer\2.2.0\resilience4j-consumer-2.2.0.jar;C:\Users\TECH GIANTS PLUS\.m2\repository\io\github\resilience4j\resilience4j-circularbuffer\2.2.0\resilience4j-circularbuffer-2.2.0.jar;C:\Users\TECH GIANTS PLUS\.m2\repository\io\github\resilience4j\resilience4j-framework-common\2.2.0\resilience4j-framework-common-2.2.0.jar;C:\Users\TECH GIANTS PLUS\.m2\repository\io\github\resilience4j\resilience4j-micrometer\2.2.0\resilience4j-micrometer-2.2.0.jar;C:\Users\TECH GIANTS PLUS\.m2\repository\io\github\resilience4j\resilience4j-retry\2.2.0\resilience4j-retry-2.2.0.jar;C:\Users\TECH GIANTS PLUS\.m2\repository\io\github\resilience4j\resilience4j-ratelimiter\2.2.0\resilience4j-ratelimiter-2.2.0.jar;C:\Users\TECH GIANTS PLUS\.m2\repository\org\springframework\boot\spring-boot-configuration-processor\3.5.5\spring-boot-configuration-processor-3.5.5.jar;C:\Users\TECH GIANTS PLUS\.m2\repository\io\github\resilience4j\resilience4j-circuitbreaker\2.2.0\resilience4j-circuitbreaker-2.2.0.jar;C:\Users\TECH GIANTS PLUS\.m2\repository\io\github\resilience4j\resilience4j-core\2.2.0\resilience4j-core-2.2.0.jar;C:\Users\TECH GIANTS PLUS\.m2\repository\io\github\resilience4j\resilience4j-timelimiter\2.2.0\resilience4j-timelimiter-2.2.0.jar;C:\Users\TECH GIANTS PLUS\.m2\repository\org\springframework\boot\spring-boot-starter-actuator\3.5.5\spring-boot-starter-actuator-3.5.5.jar;C:\Users\TECH GIANTS PLUS\.m2\repository\org\springframework\boot\spring-boot-actuator-autoconfigure\3.5.5\spring-boot-actuator-autoconfigure-3.5.5.jar;C:\Users\TECH GIANTS PLUS\.m2\repository\org\springframework\boot\spring-boot-actuator\3.5.5\spring-boot-actuator-3.5.5.jar;C:\Users\TECH GIANTS PLUS\.m2\repository\io\micrometer\micrometer-observation\1.15.3\micrometer-observation-1.15.3.jar;C:\Users\TECH GIANTS PLUS\.m2\repository\io\micrometer\micrometer-commons\1.15.3\micrometer-commons-1.15.3.jar;C:\Users\TECH GIANTS PLUS\.m2\repository\io\micrometer\micrometer-jakarta9\1.15.3\micrometer-jakarta9-1.15.3.jar;C:\Users\TECH GIANTS PLUS\.m2\repository\io\micrometer\micrometer-core\1.15.3\micrometer-core-1.15.3.jar;C:\Users\TECH GIANTS PLUS\.m2\repository\org\hdrhistogram\HdrHistogram\2.2.2\HdrHistogram-2.2.2.jar;C:\Users\TECH GIANTS PLUS\.m2\repository\org\latencyutils\LatencyUtils\2.0.3\LatencyUtils-2.0.3.jar;C:\Users\TECH GIANTS PLUS\AppData\Local\Programs\IntelliJ IDEA Community Edition\lib\idea_rt.jar
Launcher Type: SUN_STANDARD

[Global flags]
     intx CICompilerCount                          = 4                                         {product} {ergonomic}
     uint ConcGCThreads                            = 2                                         {product} {ergonomic}
     uint G1ConcRefinementThreads                  = 8                                         {product} {ergonomic}
   size_t G1HeapRegionSize                         = 1048576                                   {product} {ergonomic}
   size_t InitialHeapSize                          = 132120576                                 {product} {ergonomic}
   size_t MarkStackSize                            = 4194304                                   {product} {ergonomic}
   size_t MarkStackSizeMax                         = 536870912                                 {product} {ergonomic}
   size_t MaxHeapSize                              = 2097152000                                {product} {ergonomic}
   size_t MaxNewSize                               = 1258291200                                {product} {ergonomic}
   size_t MinHeapDeltaBytes                        = 1048576                                   {product} {ergonomic}
   size_t MinHeapSize                              = 8388608                                   {product} {ergonomic}
    uintx NonNMethodCodeHeapSize                   = 5832704                                {pd product} {ergonomic}
    uintx NonProfiledCodeHeapSize                  = 122945536                              {pd product} {ergonomic}
    uintx ProfiledCodeHeapSize                     = 122880000                              {pd product} {ergonomic}
    uintx ReservedCodeCacheSize                    = 251658240                              {pd product} {ergonomic}
     bool SegmentedCodeCache                       = true                                      {product} {ergonomic}
   size_t SoftMaxHeapSize                          = 2097152000                             {manageable} {ergonomic}
     bool UseCompressedOops                        = true                           {product lp64_product} {ergonomic}
     bool UseG1GC                                  = true                                      {product} {ergonomic}
     bool UseLargePagesIndividualAllocation        = false                                  {pd product} {ergonomic}

Logging:
Log output configuration:
 #0: stdout all=warning uptime,level,tags foldmultilines=false
 #1: stderr all=off uptime,level,tags foldmultilines=false

Environment Variables:
PATH=C:\Program Files\Common Files\Oracle\Java\javapath;C:\Python313\Scripts\;C:\Python313\;C:\WINDOWS\system32;C:\WINDOWS;C:\WINDOWS\System32\Wbem;C:\WINDOWS\System32\WindowsPowerShell\v1.0\;C:\WINDOWS\System32\OpenSSH\;C:\Program Files\Git\cmd;C:\Program Files\nodejs\;C:\ProgramData\chocolatey\bin;C:\Program Files\dotnet\;C:\Program Files (x86)\Windows Kits\10\Windows Performance Toolkit\;C:\Program Files\Docker\Docker\resources\bin;C:\Users\TECH GIANTS PLUS\AppData\Local\com.Langflow\uv;C:\Users\TECH GIANTS PLUS\AppData\Local\Microsoft\WindowsApps;C:\Users\TECH GIANTS PLUS\AppData\Local\JetBrains\Toolbox\scripts;C:\Users\TECH GIANTS PLUS\AppData\Local\Programs\Microsoft VS Code\bin;C:\Users\TECH GIANTS PLUS\AppData\Roaming\npm;C:\Users\TECH GIANTS PLUS\.dotnet\tools;C:\Users\TECH GIANTS PLUS\AppData\Local\Microsoft\WindowsApps;C:\apache-maven-3.9.11-bin\apache-maven-3.9.11\bin
USERNAME=TECH GIANTS PLUS
OS=Windows_NT
PROCESSOR_IDENTIFIER=Intel64 Family 6 Model 142 Stepping 12, GenuineIntel
TMP=C:\Users\TECHGI~1\AppData\Local\Temp
TEMP=C:\Users\TECHGI~1\AppData\Local\Temp




Periodic native trim disabled

---------------  S Y S T E M  ---------------

OS:
 Windows 11 , 64 bit Build 26100 (10.0.26100.6725)
OS uptime: 2 days 16:09 hours
Hyper-V role detected

CPU: total 8 (initial active 8) (4 cores per cpu, 2 threads per core) family 6 model 142 stepping 12 microcode 0xec, cx8, cmov, fxsr, ht, mmx, 3dnowpref, sse, sse2, sse3, ssse3, sse4.1, sse4.2, popcnt, lzcnt, tsc, tscinvbit, avx, avx2, aes, erms, clmul, bmi1, bmi2, adx, fma, vzeroupper, clflush, clflushopt, hv, rdtscp, f16c
Processor Information for the first 8 processors :
  Max Mhz: 1896, Current Mhz: 1596, Mhz Limit: 1592

Memory: 4k page, system-wide physical 7998M (1416M free)
TotalPageFile size 32574M (AvailPageFile size 5M)
current process WorkingSet (physical memory assigned to process): 56M, peak: 471M
current process commit charge ("private bytes"): 461M, peak: 516M

vm_info: Java HotSpot(TM) 64-Bit Server VM (24.0.1+9-30) for windows-amd64 JRE (24.0.1+9-30), built on 2025-03-05T07:23:45Z with MS VC++ 17.6 (VS2022)

END.
